<?xml version="1.0" encoding="UTF-8" standalone="no"?>
<!DOCTYPE log SYSTEM "logger.dtd">
<log>
<record>
  <date>2020-12-17T00:13:41</date>
  <millis>1608135221381</millis>
  <sequence>0</sequence>
  <level>START</level>
  <class>com.kms.katalon.core.logging.XmlKeywordLogger</class>
  <method>startSuite</method>
  <thread>1</thread>
  <message>Start Test Suite : Test Suites/TS01_Compare Product Price</message>
  <nestedLevel>0</nestedLevel>
  <property name="name">TS01_Compare Product Price</property>
  <property name="description"></property>
  <property name="id">Test Suites/TS01_Compare Product Price</property>
</record>
<record>
  <date>2020-12-17T00:13:41</date>
  <millis>1608135221403</millis>
  <sequence>1</sequence>
  <level>RUN_DATA</level>
  <class>com.kms.katalon.core.logging.XmlKeywordLogger</class>
  <method>logMessage</method>
  <thread>1</thread>
  <message>hostName = User-iMoney - 192.168.0.8</message>
  <nestedLevel>0</nestedLevel>
  <property name="hostName">User-iMoney - 192.168.0.8</property>
</record>
<record>
  <date>2020-12-17T00:13:41</date>
  <millis>1608135221414</millis>
  <sequence>2</sequence>
  <level>RUN_DATA</level>
  <class>com.kms.katalon.core.logging.XmlKeywordLogger</class>
  <method>logMessage</method>
  <thread>1</thread>
  <message>os = Windows 10 64bit</message>
  <nestedLevel>0</nestedLevel>
  <property name="os">Windows 10 64bit</property>
</record>
<record>
  <date>2020-12-17T00:13:41</date>
  <millis>1608135221415</millis>
  <sequence>3</sequence>
  <level>RUN_DATA</level>
  <class>com.kms.katalon.core.logging.XmlKeywordLogger</class>
  <method>logMessage</method>
  <thread>1</thread>
  <message>hostAddress = 192.168.0.8</message>
  <nestedLevel>0</nestedLevel>
  <property name="hostAddress">192.168.0.8</property>
</record>
<record>
  <date>2020-12-17T00:13:41</date>
  <millis>1608135221417</millis>
  <sequence>4</sequence>
  <level>RUN_DATA</level>
  <class>com.kms.katalon.core.logging.XmlKeywordLogger</class>
  <method>logMessage</method>
  <thread>1</thread>
  <message>katalonVersion = 7.2.1.1</message>
  <nestedLevel>0</nestedLevel>
  <property name="katalonVersion">7.2.1.1</property>
</record>
<record>
  <date>2020-12-17T00:13:41</date>
  <millis>1608135221428</millis>
  <sequence>5</sequence>
  <level>START</level>
  <class>com.kms.katalon.core.logging.XmlKeywordLogger</class>
  <method>startKeyword</method>
  <thread>1</thread>
  <message>Start listener action : beforeExportKatalonReports</message>
  <nestedLevel>0</nestedLevel>
</record>
<record>
  <date>2020-12-17T00:13:41</date>
  <millis>1608135221442</millis>
  <sequence>7</sequence>
  <level>INFO</level>
  <class>com.kms.katalon.core.logging.XmlKeywordLogger</class>
  <method>logMessage</method>
  <thread>1</thread>
  <message>This Katalon Studio version has been deprecated. Please upgrade Katalon Studio to the latest version.</message>
  <nestedLevel>0</nestedLevel>
</record>
<record>
  <date>2020-12-17T00:13:41</date>
  <millis>1608135221442</millis>
  <sequence>9</sequence>
  <level>END</level>
  <class>com.kms.katalon.core.logging.XmlKeywordLogger</class>
  <method>endKeyword</method>
  <thread>1</thread>
  <message>End listener action : beforeExportKatalonReports</message>
  <nestedLevel>0</nestedLevel>
</record>
<record>
  <date>2020-12-17T00:13:41</date>
  <millis>1608135221798</millis>
  <sequence>10</sequence>
  <level>START</level>
  <class>com.kms.katalon.core.logging.XmlKeywordLogger</class>
  <method>startTest</method>
  <thread>1</thread>
  <message>Start Test Case : Test Cases/TestCase_01_ComparePrice</message>
  <nestedLevel>1</nestedLevel>
  <property name="name">Test Cases/TestCase_01_ComparePrice</property>
  <property name="description"></property>
  <property name="id">Test Cases/TestCase_01_ComparePrice</property>
  <property name="source">D:\\Archana\\Automation_Randstad\\Test Cases\\TestCase_01_ComparePrice.tc</property>
  <property name="tag"></property>
  <property name="isOptional">false</property>
</record>
<record>
  <date>2020-12-17T00:13:41</date>
  <millis>1608135221922</millis>
  <sequence>12</sequence>
  <level>INFO</level>
  <class>com.kms.katalon.core.logging.XmlKeywordLogger</class>
  <method>logMessage</method>
  <thread>1</thread>
  <message>(Default) TestCaseID = </message>
  <nestedLevel>1</nestedLevel>
</record>
<record>
  <date>2020-12-17T00:13:41</date>
  <millis>1608135221933</millis>
  <sequence>13</sequence>
  <level>INFO</level>
  <class>com.kms.katalon.core.logging.XmlKeywordLogger</class>
  <method>logMessage</method>
  <thread>1</thread>
  <message>(Default) Run = </message>
  <nestedLevel>1</nestedLevel>
</record>
<record>
  <date>2020-12-17T00:13:41</date>
  <millis>1608135221941</millis>
  <sequence>14</sequence>
  <level>INFO</level>
  <class>com.kms.katalon.core.logging.XmlKeywordLogger</class>
  <method>logMessage</method>
  <thread>1</thread>
  <message>(Default) Address = </message>
  <nestedLevel>1</nestedLevel>
</record>
<record>
  <date>2020-12-17T00:13:41</date>
  <millis>1608135221954</millis>
  <sequence>15</sequence>
  <level>INFO</level>
  <class>com.kms.katalon.core.logging.XmlKeywordLogger</class>
  <method>logMessage</method>
  <thread>1</thread>
  <message>(Default) ExcelSheetName = </message>
  <nestedLevel>1</nestedLevel>
</record>
<record>
  <date>2020-12-17T00:13:41</date>
  <millis>1608135221967</millis>
  <sequence>16</sequence>
  <level>INFO</level>
  <class>com.kms.katalon.core.logging.XmlKeywordLogger</class>
  <method>logMessage</method>
  <thread>1</thread>
  <message>(Default) HeadingGenerated = </message>
  <nestedLevel>1</nestedLevel>
</record>
<record>
  <date>2020-12-17T00:13:42</date>
  <millis>1608135222415</millis>
  <sequence>17</sequence>
  <level>START</level>
  <class>com.kms.katalon.core.logging.XmlKeywordLogger</class>
  <method>startKeyword</method>
  <thread>1</thread>
  <message>Start action : callTestCase(findTestCase(\&amp;quot;fnCommon/fn01_OpenBrowser_Navigate\&amp;quot;), [\&amp;quot;SiteURL\&amp;quot;:SiteURL1], STOP_ON_FAILURE)</message>
  <nestedLevel>1</nestedLevel>
  <property name="startLine">19</property>
  <property name="stepIndex">1</property>
  <property name="description">Navigate to Amazon</property>
</record>
<record>
  <date>2020-12-17T00:13:42</date>
  <millis>1608135222756</millis>
  <sequence>20</sequence>
  <level>START</level>
  <class>com.kms.katalon.core.logging.XmlKeywordLogger</class>
  <method>startTest</method>
  <thread>1</thread>
  <message>Start Test Case : Test Cases/fnCommon/fn01_OpenBrowser_Navigate</message>
  <nestedLevel>2</nestedLevel>
  <property name="name">Test Cases/fnCommon/fn01_OpenBrowser_Navigate</property>
  <property name="description"></property>
  <property name="id">Test Cases/fnCommon/fn01_OpenBrowser_Navigate</property>
  <property name="source">D:\\Archana\\Automation_Randstad\\Test Cases\\fnCommon\\fn01_OpenBrowser_Navigate.tc</property>
  <property name="tag"></property>
  <property name="isOptional">false</property>
</record>
<record>
  <date>2020-12-17T00:13:42</date>
  <millis>1608135222765</millis>
  <sequence>22</sequence>
  <level>INFO</level>
  <class>com.kms.katalon.core.logging.XmlKeywordLogger</class>
  <method>logMessage</method>
  <thread>1</thread>
  <message>SiteURL = https://www.amazon.com/</message>
  <nestedLevel>2</nestedLevel>
</record>
<record>
  <date>2020-12-17T00:13:43</date>
  <millis>1608135223044</millis>
  <sequence>23</sequence>
  <level>START</level>
  <class>com.kms.katalon.core.logging.XmlKeywordLogger</class>
  <method>startKeyword</method>
  <thread>1</thread>
  <message>Start action : openBrowser(\&amp;quot;\&amp;quot;)</message>
  <nestedLevel>1</nestedLevel>
  <property name="startLine">18</property>
  <property name="stepIndex">1</property>
</record>
<record>
  <date>2020-12-17T00:13:43</date>
  <millis>1608135223371</millis>
  <sequence>25</sequence>
  <level>INFO</level>
  <class>com.kms.katalon.core.logging.XmlKeywordLogger</class>
  <method>logMessage</method>
  <thread>1</thread>
  <message>Starting &amp;apos;Chrome&amp;apos; driver</message>
  <nestedLevel>2</nestedLevel>
</record>
<record>
  <date>2020-12-17T00:13:43</date>
  <millis>1608135223427</millis>
  <sequence>27</sequence>
  <level>INFO</level>
  <class>com.kms.katalon.core.logging.XmlKeywordLogger</class>
  <method>logMessage</method>
  <thread>1</thread>
  <message>Action delay is set to 0 seconds</message>
  <nestedLevel>2</nestedLevel>
</record>
<record>
  <date>2020-12-17T00:13:49</date>
  <millis>1608135229655</millis>
  <sequence>29</sequence>
  <level>RUN_DATA</level>
  <class>com.kms.katalon.core.logging.XmlKeywordLogger</class>
  <method>logMessage</method>
  <thread>1</thread>
  <message>sessionId = e56120978edf772b8d7703778bd6e207</message>
  <nestedLevel>2</nestedLevel>
  <property name="sessionId">e56120978edf772b8d7703778bd6e207</property>
</record>
<record>
  <date>2020-12-17T00:13:49</date>
  <millis>1608135229694</millis>
  <sequence>30</sequence>
  <level>RUN_DATA</level>
  <class>com.kms.katalon.core.logging.XmlKeywordLogger</class>
  <method>logMessage</method>
  <thread>1</thread>
  <message>browser = Chrome 87.0.4280.88</message>
  <nestedLevel>2</nestedLevel>
  <property name="browser">Chrome 87.0.4280.88</property>
</record>
<record>
  <date>2020-12-17T00:13:49</date>
  <millis>1608135229694</millis>
  <sequence>31</sequence>
  <level>RUN_DATA</level>
  <class>com.kms.katalon.core.logging.XmlKeywordLogger</class>
  <method>logMessage</method>
  <thread>1</thread>
  <message>platform = Windows 10</message>
  <nestedLevel>2</nestedLevel>
  <property name="platform">Windows 10</property>
</record>
<record>
  <date>2020-12-17T00:13:49</date>
  <millis>1608135229700</millis>
  <sequence>32</sequence>
  <level>RUN_DATA</level>
  <class>com.kms.katalon.core.logging.XmlKeywordLogger</class>
  <method>logMessage</method>
  <thread>1</thread>
  <message>seleniumVersion = 3.141.59</message>
  <nestedLevel>2</nestedLevel>
  <property name="seleniumVersion">3.141.59</property>
</record>
<record>
  <date>2020-12-17T00:13:49</date>
  <millis>1608135229702</millis>
  <sequence>33</sequence>
  <level>RUN_DATA</level>
  <class>com.kms.katalon.core.logging.XmlKeywordLogger</class>
  <method>logMessage</method>
  <thread>1</thread>
  <message>proxyInformation = ProxyInformation{proxyOption=NO_PROXY, proxyServerType=HTTP, password=, proxyServerAddress=, proxyServerPort=0, executionList=}</message>
  <nestedLevel>2</nestedLevel>
  <property name="proxyInformation">ProxyInformation{proxyOption=NO_PROXY, proxyServerType=HTTP, password=, proxyServerAddress=, proxyServerPort=0, executionList=}</property>
</record>
<record>
  <date>2020-12-17T00:13:49</date>
  <millis>1608135229723</millis>
  <sequence>34</sequence>
  <level>PASSED</level>
  <class>com.kms.katalon.core.logging.XmlKeywordLogger</class>
  <method>logMessage</method>
  <thread>1</thread>
  <message>Browser is opened with url: &amp;apos;&amp;apos;</message>
  <nestedLevel>2</nestedLevel>
</record>
<record>
  <date>2020-12-17T00:13:49</date>
  <millis>1608135229723</millis>
  <sequence>35</sequence>
  <level>END</level>
  <class>com.kms.katalon.core.logging.XmlKeywordLogger</class>
  <method>endKeyword</method>
  <thread>1</thread>
  <message>End action : openBrowser(\&amp;quot;\&amp;quot;)</message>
  <nestedLevel>1</nestedLevel>
</record>
<record>
  <date>2020-12-17T00:13:49</date>
  <millis>1608135229723</millis>
  <sequence>36</sequence>
  <level>START</level>
  <class>com.kms.katalon.core.logging.XmlKeywordLogger</class>
  <method>startKeyword</method>
  <thread>1</thread>
  <message>Start action : maximizeWindow()</message>
  <nestedLevel>1</nestedLevel>
  <property name="startLine">19</property>
  <property name="stepIndex">2</property>
</record>
<record>
  <date>2020-12-17T00:13:51</date>
  <millis>1608135231926</millis>
  <sequence>38</sequence>
  <level>PASSED</level>
  <class>com.kms.katalon.core.logging.XmlKeywordLogger</class>
  <method>logMessage</method>
  <thread>1</thread>
  <message>Current window maximized</message>
  <nestedLevel>2</nestedLevel>
</record>
<record>
  <date>2020-12-17T00:13:51</date>
  <millis>1608135231927</millis>
  <sequence>39</sequence>
  <level>END</level>
  <class>com.kms.katalon.core.logging.XmlKeywordLogger</class>
  <method>endKeyword</method>
  <thread>1</thread>
  <message>End action : maximizeWindow()</message>
  <nestedLevel>1</nestedLevel>
</record>
<record>
  <date>2020-12-17T00:13:51</date>
  <millis>1608135231928</millis>
  <sequence>40</sequence>
  <level>START</level>
  <class>com.kms.katalon.core.logging.XmlKeywordLogger</class>
  <method>startKeyword</method>
  <thread>1</thread>
  <message>Start action : Thread.sleep(1000)</message>
  <nestedLevel>1</nestedLevel>
  <property name="startLine">21</property>
  <property name="stepIndex">3</property>
</record>
<record>
  <date>2020-12-17T00:13:52</date>
  <millis>1608135232936</millis>
  <sequence>41</sequence>
  <level>END</level>
  <class>com.kms.katalon.core.logging.XmlKeywordLogger</class>
  <method>endKeyword</method>
  <thread>1</thread>
  <message>End action : Thread.sleep(1000)</message>
  <nestedLevel>1</nestedLevel>
</record>
<record>
  <date>2020-12-17T00:13:52</date>
  <millis>1608135232937</millis>
  <sequence>42</sequence>
  <level>START</level>
  <class>com.kms.katalon.core.logging.XmlKeywordLogger</class>
  <method>startKeyword</method>
  <thread>1</thread>
  <message>Start action : navigateToUrl(SiteURL)</message>
  <nestedLevel>1</nestedLevel>
  <property name="startLine">23</property>
  <property name="stepIndex">4</property>
</record>
<record>
  <date>2020-12-17T00:13:56</date>
  <millis>1608135236181</millis>
  <sequence>45</sequence>
  <level>PASSED</level>
  <class>com.kms.katalon.core.logging.XmlKeywordLogger</class>
  <method>logMessage</method>
  <thread>1</thread>
  <message>Navigate to &amp;apos;https://www.amazon.com/&amp;apos; successfully</message>
  <nestedLevel>2</nestedLevel>
</record>
<record>
  <date>2020-12-17T00:13:56</date>
  <millis>1608135236183</millis>
  <sequence>46</sequence>
  <level>END</level>
  <class>com.kms.katalon.core.logging.XmlKeywordLogger</class>
  <method>endKeyword</method>
  <thread>1</thread>
  <message>End action : navigateToUrl(SiteURL)</message>
  <nestedLevel>1</nestedLevel>
</record>
<record>
  <date>2020-12-17T00:13:56</date>
  <millis>1608135236184</millis>
  <sequence>47</sequence>
  <level>START</level>
  <class>com.kms.katalon.core.logging.XmlKeywordLogger</class>
  <method>startKeyword</method>
  <thread>1</thread>
  <message>Start action : Thread.sleep(1000)</message>
  <nestedLevel>1</nestedLevel>
  <property name="startLine">25</property>
  <property name="stepIndex">5</property>
</record>
<record>
  <date>2020-12-17T00:13:57</date>
  <millis>1608135237196</millis>
  <sequence>48</sequence>
  <level>END</level>
  <class>com.kms.katalon.core.logging.XmlKeywordLogger</class>
  <method>endKeyword</method>
  <thread>1</thread>
  <message>End action : Thread.sleep(1000)</message>
  <nestedLevel>1</nestedLevel>
</record>
<record>
  <date>2020-12-17T00:13:57</date>
  <millis>1608135237196</millis>
  <sequence>49</sequence>
  <level>PASSED</level>
  <class>com.kms.katalon.core.logging.XmlKeywordLogger</class>
  <method>logMessage</method>
  <thread>1</thread>
  <message>Test Cases/fnCommon/fn01_OpenBrowser_Navigate</message>
  <nestedLevel>2</nestedLevel>
</record>
<record>
  <date>2020-12-17T00:13:57</date>
  <millis>1608135237197</millis>
  <sequence>50</sequence>
  <level>END</level>
  <class>com.kms.katalon.core.logging.XmlKeywordLogger</class>
  <method>endTest</method>
  <thread>1</thread>
  <message>End Test Case : Test Cases/fnCommon/fn01_OpenBrowser_Navigate</message>
  <nestedLevel>1</nestedLevel>
</record>
<record>
  <date>2020-12-17T00:13:57</date>
  <millis>1608135237204</millis>
  <sequence>51</sequence>
  <level>PASSED</level>
  <class>com.kms.katalon.core.logging.XmlKeywordLogger</class>
  <method>logMessage</method>
  <thread>1</thread>
  <message>Call Test Case &amp;apos;Test Cases/fnCommon/fn01_OpenBrowser_Navigate&amp;apos; successfully</message>
  <nestedLevel>1</nestedLevel>
</record>
<record>
  <date>2020-12-17T00:13:57</date>
  <millis>1608135237204</millis>
  <sequence>52</sequence>
  <level>END</level>
  <class>com.kms.katalon.core.logging.XmlKeywordLogger</class>
  <method>endKeyword</method>
  <thread>1</thread>
  <message>End action : callTestCase(findTestCase(\&amp;quot;fnCommon/fn01_OpenBrowser_Navigate\&amp;quot;), [\&amp;quot;SiteURL\&amp;quot;:SiteURL1], STOP_ON_FAILURE)</message>
  <nestedLevel>1</nestedLevel>
</record>
<record>
  <date>2020-12-17T00:13:57</date>
  <millis>1608135237204</millis>
  <sequence>53</sequence>
  <level>START</level>
  <class>com.kms.katalon.core.logging.XmlKeywordLogger</class>
  <method>startKeyword</method>
  <thread>1</thread>
  <message>Start action : callTestCase(findTestCase(\&amp;quot;fnCommon/fn02_Product_from_Amazon\&amp;quot;), [:], STOP_ON_FAILURE)</message>
  <nestedLevel>1</nestedLevel>
  <property name="startLine">22</property>
  <property name="stepIndex">2</property>
  <property name="description">Amazon product</property>
</record>
<record>
  <date>2020-12-17T00:13:57</date>
  <millis>1608135237294</millis>
  <sequence>56</sequence>
  <level>START</level>
  <class>com.kms.katalon.core.logging.XmlKeywordLogger</class>
  <method>startTest</method>
  <thread>1</thread>
  <message>Start Test Case : Test Cases/fnCommon/fn02_Product_from_Amazon</message>
  <nestedLevel>2</nestedLevel>
  <property name="name">Test Cases/fnCommon/fn02_Product_from_Amazon</property>
  <property name="description"></property>
  <property name="id">Test Cases/fnCommon/fn02_Product_from_Amazon</property>
  <property name="source">D:\\Archana\\Automation_Randstad\\Test Cases\\fnCommon\\fn02_Product_from_Amazon.tc</property>
  <property name="tag"></property>
  <property name="isOptional">false</property>
</record>
<record>
  <date>2020-12-17T00:13:57</date>
  <millis>1608135237726</millis>
  <sequence>58</sequence>
  <level>START</level>
  <class>com.kms.katalon.core.logging.XmlKeywordLogger</class>
  <method>startKeyword</method>
  <thread>1</thread>
  <message>Start action : setText(findTestObject(\&amp;quot;Page_Amazon/txt_Searchbox\&amp;quot;), \&amp;quot;iphone 11\&amp;quot;)</message>
  <nestedLevel>1</nestedLevel>
  <property name="startLine">22</property>
  <property name="stepIndex">1</property>
  <property name="description">Search product</property>
</record>
<record>
  <date>2020-12-17T00:13:59</date>
  <millis>1608135239958</millis>
  <sequence>69</sequence>
  <level>PASSED</level>
  <class>com.kms.katalon.core.logging.XmlKeywordLogger</class>
  <method>logMessage</method>
  <thread>1</thread>
  <message>Text &amp;apos;iphone 11&amp;apos; is set on object &amp;apos;Object Repository/Page_Amazon/txt_Searchbox&amp;apos;</message>
  <nestedLevel>2</nestedLevel>
</record>
<record>
  <date>2020-12-17T00:13:59</date>
  <millis>1608135239961</millis>
  <sequence>70</sequence>
  <level>END</level>
  <class>com.kms.katalon.core.logging.XmlKeywordLogger</class>
  <method>endKeyword</method>
  <thread>1</thread>
  <message>End action : setText(findTestObject(\&amp;quot;Page_Amazon/txt_Searchbox\&amp;quot;), \&amp;quot;iphone 11\&amp;quot;)</message>
  <nestedLevel>1</nestedLevel>
</record>
<record>
  <date>2020-12-17T00:13:59</date>
  <millis>1608135239962</millis>
  <sequence>71</sequence>
  <level>START</level>
  <class>com.kms.katalon.core.logging.XmlKeywordLogger</class>
  <method>startKeyword</method>
  <thread>1</thread>
  <message>Start action : click(findTestObject(\&amp;quot;Page_Amazon/btn_Searchicon\&amp;quot;))</message>
  <nestedLevel>1</nestedLevel>
  <property name="startLine">23</property>
  <property name="stepIndex">2</property>
</record>
<record>
  <date>2020-12-17T00:14:05</date>
  <millis>1608135245811</millis>
  <sequence>82</sequence>
  <level>PASSED</level>
  <class>com.kms.katalon.core.logging.XmlKeywordLogger</class>
  <method>logMessage</method>
  <thread>1</thread>
  <message>Object: &amp;apos;Object Repository/Page_Amazon/btn_Searchicon&amp;apos; is clicked on</message>
  <nestedLevel>2</nestedLevel>
</record>
<record>
  <date>2020-12-17T00:14:05</date>
  <millis>1608135245813</millis>
  <sequence>83</sequence>
  <level>END</level>
  <class>com.kms.katalon.core.logging.XmlKeywordLogger</class>
  <method>endKeyword</method>
  <thread>1</thread>
  <message>End action : click(findTestObject(\&amp;quot;Page_Amazon/btn_Searchicon\&amp;quot;))</message>
  <nestedLevel>1</nestedLevel>
</record>
<record>
  <date>2020-12-17T00:14:05</date>
  <millis>1608135245814</millis>
  <sequence>84</sequence>
  <level>START</level>
  <class>com.kms.katalon.core.logging.XmlKeywordLogger</class>
  <method>startKeyword</method>
  <thread>1</thread>
  <message>Start action : click(findTestObject(\&amp;quot;Page_Amazon/span_Apple iPhone11\&amp;quot;))</message>
  <nestedLevel>1</nestedLevel>
  <property name="startLine">24</property>
  <property name="stepIndex">3</property>
</record>
<record>
  <date>2020-12-17T00:14:09</date>
  <millis>1608135249731</millis>
  <sequence>95</sequence>
  <level>PASSED</level>
  <class>com.kms.katalon.core.logging.XmlKeywordLogger</class>
  <method>logMessage</method>
  <thread>1</thread>
  <message>Object: &amp;apos;Object Repository/Page_Amazon/span_Apple iPhone11&amp;apos; is clicked on</message>
  <nestedLevel>2</nestedLevel>
</record>
<record>
  <date>2020-12-17T00:14:09</date>
  <millis>1608135249734</millis>
  <sequence>96</sequence>
  <level>END</level>
  <class>com.kms.katalon.core.logging.XmlKeywordLogger</class>
  <method>endKeyword</method>
  <thread>1</thread>
  <message>End action : click(findTestObject(\&amp;quot;Page_Amazon/span_Apple iPhone11\&amp;quot;))</message>
  <nestedLevel>1</nestedLevel>
</record>
<record>
  <date>2020-12-17T00:14:09</date>
  <millis>1608135249734</millis>
  <sequence>97</sequence>
  <level>START</level>
  <class>com.kms.katalon.core.logging.XmlKeywordLogger</class>
  <method>startKeyword</method>
  <thread>1</thread>
  <message>Start action : sGetValue = getText(findTestObject(\&amp;quot;Page_Amazon/txt_ProductTitle\&amp;quot;))</message>
  <nestedLevel>1</nestedLevel>
  <property name="startLine">27</property>
  <property name="stepIndex">4</property>
  <property name="description">Get product name</property>
</record>
<record>
  <date>2020-12-17T00:14:12</date>
  <millis>1608135252958</millis>
  <sequence>106</sequence>
  <level>PASSED</level>
  <class>com.kms.katalon.core.logging.XmlKeywordLogger</class>
  <method>logMessage</method>
  <thread>1</thread>
  <message>Text of object &amp;apos;Object Repository/Page_Amazon/txt_ProductTitle&amp;apos; is: &amp;apos;Apple iPhone 11 Pro, 64GB, Space Gray - Fully Unlocked (Renewed)&amp;apos;</message>
  <nestedLevel>2</nestedLevel>
</record>
<record>
  <date>2020-12-17T00:14:12</date>
  <millis>1608135252959</millis>
  <sequence>107</sequence>
  <level>END</level>
  <class>com.kms.katalon.core.logging.XmlKeywordLogger</class>
  <method>endKeyword</method>
  <thread>1</thread>
  <message>End action : sGetValue = getText(findTestObject(\&amp;quot;Page_Amazon/txt_ProductTitle\&amp;quot;))</message>
  <nestedLevel>1</nestedLevel>
</record>
<record>
  <date>2020-12-17T00:14:12</date>
  <millis>1608135252961</millis>
  <sequence>108</sequence>
  <level>START</level>
  <class>com.kms.katalon.core.logging.XmlKeywordLogger</class>
  <method>startKeyword</method>
  <thread>1</thread>
  <message>Start action : comment(\&amp;quot;Name of Website :- Amazon\&amp;quot;)</message>
  <nestedLevel>1</nestedLevel>
  <property name="startLine">29</property>
  <property name="stepIndex">5</property>
</record>
<record>
  <date>2020-12-17T00:14:12</date>
  <millis>1608135252974</millis>
  <sequence>109</sequence>
  <level>INFO</level>
  <class>com.kms.katalon.core.logging.XmlKeywordLogger</class>
  <method>logMessage</method>
  <thread>1</thread>
  <message>Name of Website :- Amazon</message>
  <nestedLevel>2</nestedLevel>
</record>
<record>
  <date>2020-12-17T00:14:12</date>
  <millis>1608135252974</millis>
  <sequence>110</sequence>
  <level>END</level>
  <class>com.kms.katalon.core.logging.XmlKeywordLogger</class>
  <method>endKeyword</method>
  <thread>1</thread>
  <message>End action : comment(\&amp;quot;Name of Website :- Amazon\&amp;quot;)</message>
  <nestedLevel>1</nestedLevel>
</record>
<record>
  <date>2020-12-17T00:14:12</date>
  <millis>1608135252982</millis>
  <sequence>111</sequence>
  <level>START</level>
  <class>com.kms.katalon.core.logging.XmlKeywordLogger</class>
  <method>startKeyword</method>
  <thread>1</thread>
  <message>Start action : comment(\&amp;quot;Name of the product for Amazon :- \&amp;quot; + sGetValue)</message>
  <nestedLevel>1</nestedLevel>
  <property name="startLine">30</property>
  <property name="stepIndex">6</property>
</record>
<record>
  <date>2020-12-17T00:14:12</date>
  <millis>1608135252988</millis>
  <sequence>112</sequence>
  <level>INFO</level>
  <class>com.kms.katalon.core.logging.XmlKeywordLogger</class>
  <method>logMessage</method>
  <thread>1</thread>
  <message>Name of the product for Amazon :- Apple iPhone 11 Pro, 64GB, Space Gray - Fully Unlocked (Renewed)</message>
  <nestedLevel>2</nestedLevel>
</record>
<record>
  <date>2020-12-17T00:14:12</date>
  <millis>1608135252988</millis>
  <sequence>113</sequence>
  <level>END</level>
  <class>com.kms.katalon.core.logging.XmlKeywordLogger</class>
  <method>endKeyword</method>
  <thread>1</thread>
  <message>End action : comment(\&amp;quot;Name of the product for Amazon :- \&amp;quot; + sGetValue)</message>
  <nestedLevel>1</nestedLevel>
</record>
<record>
  <date>2020-12-17T00:14:12</date>
  <millis>1608135252992</millis>
  <sequence>114</sequence>
  <level>START</level>
  <class>com.kms.katalon.core.logging.XmlKeywordLogger</class>
  <method>startKeyword</method>
  <thread>1</thread>
  <message>Start action : println(\&amp;quot;Name of Website :- Amazon\&amp;quot;)</message>
  <nestedLevel>1</nestedLevel>
  <property name="startLine">32</property>
  <property name="stepIndex">7</property>
</record>
<record>
  <date>2020-12-17T00:14:13</date>
  <millis>1608135253005</millis>
  <sequence>115</sequence>
  <level>END</level>
  <class>com.kms.katalon.core.logging.XmlKeywordLogger</class>
  <method>endKeyword</method>
  <thread>1</thread>
  <message>End action : println(\&amp;quot;Name of Website :- Amazon\&amp;quot;)</message>
  <nestedLevel>1</nestedLevel>
</record>
<record>
  <date>2020-12-17T00:14:13</date>
  <millis>1608135253005</millis>
  <sequence>116</sequence>
  <level>START</level>
  <class>com.kms.katalon.core.logging.XmlKeywordLogger</class>
  <method>startKeyword</method>
  <thread>1</thread>
  <message>Start action : println(\&amp;quot;Name of the product for Amazon :- \&amp;quot; + sGetValue)</message>
  <nestedLevel>1</nestedLevel>
  <property name="startLine">33</property>
  <property name="stepIndex">8</property>
</record>
<record>
  <date>2020-12-17T00:14:13</date>
  <millis>1608135253010</millis>
  <sequence>117</sequence>
  <level>END</level>
  <class>com.kms.katalon.core.logging.XmlKeywordLogger</class>
  <method>endKeyword</method>
  <thread>1</thread>
  <message>End action : println(\&amp;quot;Name of the product for Amazon :- \&amp;quot; + sGetValue)</message>
  <nestedLevel>1</nestedLevel>
</record>
<record>
  <date>2020-12-17T00:14:13</date>
  <millis>1608135253010</millis>
  <sequence>118</sequence>
  <level>START</level>
  <class>com.kms.katalon.core.logging.XmlKeywordLogger</class>
  <method>startKeyword</method>
  <thread>1</thread>
  <message>Start action : sGetPrice = getText(findTestObject(\&amp;quot;Page_Amazon/txt_Price\&amp;quot;))</message>
  <nestedLevel>1</nestedLevel>
  <property name="startLine">36</property>
  <property name="stepIndex">9</property>
  <property name="description">Get price</property>
</record>
<record>
  <date>2020-12-17T00:14:14</date>
  <millis>1608135254991</millis>
  <sequence>127</sequence>
  <level>PASSED</level>
  <class>com.kms.katalon.core.logging.XmlKeywordLogger</class>
  <method>logMessage</method>
  <thread>1</thread>
  <message>Text of object &amp;apos;Object Repository/Page_Amazon/txt_Price&amp;apos; is: &amp;apos;$723.00&amp;apos;</message>
  <nestedLevel>2</nestedLevel>
</record>
<record>
  <date>2020-12-17T00:14:14</date>
  <millis>1608135254992</millis>
  <sequence>128</sequence>
  <level>END</level>
  <class>com.kms.katalon.core.logging.XmlKeywordLogger</class>
  <method>endKeyword</method>
  <thread>1</thread>
  <message>End action : sGetPrice = getText(findTestObject(\&amp;quot;Page_Amazon/txt_Price\&amp;quot;))</message>
  <nestedLevel>1</nestedLevel>
</record>
<record>
  <date>2020-12-17T00:14:14</date>
  <millis>1608135254993</millis>
  <sequence>129</sequence>
  <level>START</level>
  <class>com.kms.katalon.core.logging.XmlKeywordLogger</class>
  <method>startKeyword</method>
  <thread>1</thread>
  <message>Start action : comment(\&amp;quot;Price of the product for Amazon :- \&amp;quot; + sGetPrice)</message>
  <nestedLevel>1</nestedLevel>
  <property name="startLine">37</property>
  <property name="stepIndex">10</property>
</record>
<record>
  <date>2020-12-17T00:14:15</date>
  <millis>1608135255000</millis>
  <sequence>130</sequence>
  <level>INFO</level>
  <class>com.kms.katalon.core.logging.XmlKeywordLogger</class>
  <method>logMessage</method>
  <thread>1</thread>
  <message>Price of the product for Amazon :- $723.00</message>
  <nestedLevel>2</nestedLevel>
</record>
<record>
  <date>2020-12-17T00:14:15</date>
  <millis>1608135255000</millis>
  <sequence>131</sequence>
  <level>END</level>
  <class>com.kms.katalon.core.logging.XmlKeywordLogger</class>
  <method>endKeyword</method>
  <thread>1</thread>
  <message>End action : comment(\&amp;quot;Price of the product for Amazon :- \&amp;quot; + sGetPrice)</message>
  <nestedLevel>1</nestedLevel>
</record>
<record>
  <date>2020-12-17T00:14:15</date>
  <millis>1608135255002</millis>
  <sequence>132</sequence>
  <level>START</level>
  <class>com.kms.katalon.core.logging.XmlKeywordLogger</class>
  <method>startKeyword</method>
  <thread>1</thread>
  <message>Start action : println(\&amp;quot;Price of the product for Amazon :- \&amp;quot; + sGetPrice)</message>
  <nestedLevel>1</nestedLevel>
  <property name="startLine">38</property>
  <property name="stepIndex">11</property>
</record>
<record>
  <date>2020-12-17T00:14:15</date>
  <millis>1608135255006</millis>
  <sequence>133</sequence>
  <level>END</level>
  <class>com.kms.katalon.core.logging.XmlKeywordLogger</class>
  <method>endKeyword</method>
  <thread>1</thread>
  <message>End action : println(\&amp;quot;Price of the product for Amazon :- \&amp;quot; + sGetPrice)</message>
  <nestedLevel>1</nestedLevel>
</record>
<record>
  <date>2020-12-17T00:14:15</date>
  <millis>1608135255006</millis>
  <sequence>134</sequence>
  <level>START</level>
  <class>com.kms.katalon.core.logging.XmlKeywordLogger</class>
  <method>startKeyword</method>
  <thread>1</thread>
  <message>Start action : Price_amazon = sGetPrice</message>
  <nestedLevel>1</nestedLevel>
  <property name="startLine">39</property>
  <property name="stepIndex">12</property>
</record>
<record>
  <date>2020-12-17T00:14:15</date>
  <millis>1608135255010</millis>
  <sequence>135</sequence>
  <level>END</level>
  <class>com.kms.katalon.core.logging.XmlKeywordLogger</class>
  <method>endKeyword</method>
  <thread>1</thread>
  <message>End action : Price_amazon = sGetPrice</message>
  <nestedLevel>1</nestedLevel>
</record>
<record>
  <date>2020-12-17T00:14:15</date>
  <millis>1608135255011</millis>
  <sequence>136</sequence>
  <level>START</level>
  <class>com.kms.katalon.core.logging.XmlKeywordLogger</class>
  <method>startKeyword</method>
  <thread>1</thread>
  <message>Start action : sGetLink = getUrl()</message>
  <nestedLevel>1</nestedLevel>
  <property name="startLine">42</property>
  <property name="stepIndex">13</property>
  <property name="description">Get URL</property>
</record>
<record>
  <date>2020-12-17T00:14:15</date>
  <millis>1608135255064</millis>
  <sequence>138</sequence>
  <level>PASSED</level>
  <class>com.kms.katalon.core.logging.XmlKeywordLogger</class>
  <method>logMessage</method>
  <thread>1</thread>
  <message>Current window&amp;apos;s url is: &amp;apos;https://www.amazon.com/Apple-iPhone-64GB-Space-Gray/dp/B07ZPKZSSC/ref=sr_1_2?dchild=1&amp;amp;keywords=iphone+11&amp;amp;qid=1608135241&amp;amp;sr=8-2&amp;apos;</message>
  <nestedLevel>2</nestedLevel>
</record>
<record>
  <date>2020-12-17T00:14:15</date>
  <millis>1608135255065</millis>
  <sequence>139</sequence>
  <level>END</level>
  <class>com.kms.katalon.core.logging.XmlKeywordLogger</class>
  <method>endKeyword</method>
  <thread>1</thread>
  <message>End action : sGetLink = getUrl()</message>
  <nestedLevel>1</nestedLevel>
</record>
<record>
  <date>2020-12-17T00:14:15</date>
  <millis>1608135255065</millis>
  <sequence>140</sequence>
  <level>START</level>
  <class>com.kms.katalon.core.logging.XmlKeywordLogger</class>
  <method>startKeyword</method>
  <thread>1</thread>
  <message>Start action : comment(\&amp;quot;Link for the product for Amazon :- \&amp;quot; + sGetLink)</message>
  <nestedLevel>1</nestedLevel>
  <property name="startLine">43</property>
  <property name="stepIndex">14</property>
</record>
<record>
  <date>2020-12-17T00:14:15</date>
  <millis>1608135255065</millis>
  <sequence>141</sequence>
  <level>INFO</level>
  <class>com.kms.katalon.core.logging.XmlKeywordLogger</class>
  <method>logMessage</method>
  <thread>1</thread>
  <message>Link for the product for Amazon :- https://www.amazon.com/Apple-iPhone-64GB-Space-Gray/dp/B07ZPKZSSC/ref=sr_1_2?dchild=1&amp;amp;keywords=iphone+11&amp;amp;qid=1608135241&amp;amp;sr=8-2</message>
  <nestedLevel>2</nestedLevel>
</record>
<record>
  <date>2020-12-17T00:14:15</date>
  <millis>1608135255065</millis>
  <sequence>142</sequence>
  <level>END</level>
  <class>com.kms.katalon.core.logging.XmlKeywordLogger</class>
  <method>endKeyword</method>
  <thread>1</thread>
  <message>End action : comment(\&amp;quot;Link for the product for Amazon :- \&amp;quot; + sGetLink)</message>
  <nestedLevel>1</nestedLevel>
</record>
<record>
  <date>2020-12-17T00:14:15</date>
  <millis>1608135255073</millis>
  <sequence>143</sequence>
  <level>START</level>
  <class>com.kms.katalon.core.logging.XmlKeywordLogger</class>
  <method>startKeyword</method>
  <thread>1</thread>
  <message>Start action : println(\&amp;quot;Link for the product for Amazon :- \&amp;quot; + sGetLink)</message>
  <nestedLevel>1</nestedLevel>
  <property name="startLine">44</property>
  <property name="stepIndex">15</property>
</record>
<record>
  <date>2020-12-17T00:14:15</date>
  <millis>1608135255075</millis>
  <sequence>144</sequence>
  <level>END</level>
  <class>com.kms.katalon.core.logging.XmlKeywordLogger</class>
  <method>endKeyword</method>
  <thread>1</thread>
  <message>End action : println(\&amp;quot;Link for the product for Amazon :- \&amp;quot; + sGetLink)</message>
  <nestedLevel>1</nestedLevel>
</record>
<record>
  <date>2020-12-17T00:14:15</date>
  <millis>1608135255076</millis>
  <sequence>145</sequence>
  <level>START</level>
  <class>com.kms.katalon.core.logging.XmlKeywordLogger</class>
  <method>startKeyword</method>
  <thread>1</thread>
  <message>Start action : closeBrowser()</message>
  <nestedLevel>1</nestedLevel>
  <property name="startLine">46</property>
  <property name="stepIndex">16</property>
</record>
<record>
  <date>2020-12-17T00:14:15</date>
  <millis>1608135255966</millis>
  <sequence>147</sequence>
  <level>PASSED</level>
  <class>com.kms.katalon.core.logging.XmlKeywordLogger</class>
  <method>logMessage</method>
  <thread>1</thread>
  <message>Browser is closed</message>
  <nestedLevel>2</nestedLevel>
</record>
<record>
  <date>2020-12-17T00:14:15</date>
  <millis>1608135255966</millis>
  <sequence>148</sequence>
  <level>END</level>
  <class>com.kms.katalon.core.logging.XmlKeywordLogger</class>
  <method>endKeyword</method>
  <thread>1</thread>
  <message>End action : closeBrowser()</message>
  <nestedLevel>1</nestedLevel>
</record>
<record>
  <date>2020-12-17T00:14:15</date>
  <millis>1608135255966</millis>
  <sequence>149</sequence>
  <level>PASSED</level>
  <class>com.kms.katalon.core.logging.XmlKeywordLogger</class>
  <method>logMessage</method>
  <thread>1</thread>
  <message>Test Cases/fnCommon/fn02_Product_from_Amazon</message>
  <nestedLevel>2</nestedLevel>
</record>
<record>
  <date>2020-12-17T00:14:15</date>
  <millis>1608135255968</millis>
  <sequence>150</sequence>
  <level>END</level>
  <class>com.kms.katalon.core.logging.XmlKeywordLogger</class>
  <method>endTest</method>
  <thread>1</thread>
  <message>End Test Case : Test Cases/fnCommon/fn02_Product_from_Amazon</message>
  <nestedLevel>1</nestedLevel>
</record>
<record>
  <date>2020-12-17T00:14:15</date>
  <millis>1608135255968</millis>
  <sequence>151</sequence>
  <level>PASSED</level>
  <class>com.kms.katalon.core.logging.XmlKeywordLogger</class>
  <method>logMessage</method>
  <thread>1</thread>
  <message>Call Test Case &amp;apos;Test Cases/fnCommon/fn02_Product_from_Amazon&amp;apos; successfully</message>
  <nestedLevel>1</nestedLevel>
</record>
<record>
  <date>2020-12-17T00:14:15</date>
  <millis>1608135255969</millis>
  <sequence>152</sequence>
  <level>END</level>
  <class>com.kms.katalon.core.logging.XmlKeywordLogger</class>
  <method>endKeyword</method>
  <thread>1</thread>
  <message>End action : callTestCase(findTestCase(\&amp;quot;fnCommon/fn02_Product_from_Amazon\&amp;quot;), [:], STOP_ON_FAILURE)</message>
  <nestedLevel>1</nestedLevel>
</record>
<record>
  <date>2020-12-17T00:14:15</date>
  <millis>1608135255969</millis>
  <sequence>153</sequence>
  <level>START</level>
  <class>com.kms.katalon.core.logging.XmlKeywordLogger</class>
  <method>startKeyword</method>
  <thread>1</thread>
  <message>Start action : callTestCase(findTestCase(\&amp;quot;fnCommon/fn01_OpenBrowser_Navigate\&amp;quot;), [\&amp;quot;SiteURL\&amp;quot;:SiteURL2], STOP_ON_FAILURE)</message>
  <nestedLevel>1</nestedLevel>
  <property name="startLine">25</property>
  <property name="stepIndex">3</property>
  <property name="description">Navigate to ebay</property>
</record>
<record>
  <date>2020-12-17T00:14:16</date>
  <millis>1608135256043</millis>
  <sequence>156</sequence>
  <level>START</level>
  <class>com.kms.katalon.core.logging.XmlKeywordLogger</class>
  <method>startTest</method>
  <thread>1</thread>
  <message>Start Test Case : Test Cases/fnCommon/fn01_OpenBrowser_Navigate</message>
  <nestedLevel>2</nestedLevel>
  <property name="name">Test Cases/fnCommon/fn01_OpenBrowser_Navigate</property>
  <property name="description"></property>
  <property name="id">Test Cases/fnCommon/fn01_OpenBrowser_Navigate</property>
  <property name="source">D:\\Archana\\Automation_Randstad\\Test Cases\\fnCommon\\fn01_OpenBrowser_Navigate.tc</property>
  <property name="tag"></property>
  <property name="isOptional">false</property>
</record>
<record>
  <date>2020-12-17T00:14:16</date>
  <millis>1608135256053</millis>
  <sequence>158</sequence>
  <level>INFO</level>
  <class>com.kms.katalon.core.logging.XmlKeywordLogger</class>
  <method>logMessage</method>
  <thread>1</thread>
  <message>SiteURL = https://www.ebay.com/</message>
  <nestedLevel>2</nestedLevel>
</record>
<record>
  <date>2020-12-17T00:14:16</date>
  <millis>1608135256056</millis>
  <sequence>159</sequence>
  <level>START</level>
  <class>com.kms.katalon.core.logging.XmlKeywordLogger</class>
  <method>startKeyword</method>
  <thread>1</thread>
  <message>Start action : openBrowser(\&amp;quot;\&amp;quot;)</message>
  <nestedLevel>1</nestedLevel>
  <property name="startLine">18</property>
  <property name="stepIndex">1</property>
</record>
<record>
  <date>2020-12-17T00:14:16</date>
  <millis>1608135256070</millis>
  <sequence>161</sequence>
  <level>INFO</level>
  <class>com.kms.katalon.core.logging.XmlKeywordLogger</class>
  <method>logMessage</method>
  <thread>1</thread>
  <message>Starting &amp;apos;Chrome&amp;apos; driver</message>
  <nestedLevel>2</nestedLevel>
</record>
<record>
  <date>2020-12-17T00:14:19</date>
  <millis>1608135259596</millis>
  <sequence>164</sequence>
  <level>RUN_DATA</level>
  <class>com.kms.katalon.core.logging.XmlKeywordLogger</class>
  <method>logMessage</method>
  <thread>1</thread>
  <message>sessionId = 27316c0fd0cca3155ee9677ce8127cb1</message>
  <nestedLevel>2</nestedLevel>
  <property name="sessionId">27316c0fd0cca3155ee9677ce8127cb1</property>
</record>
<record>
  <date>2020-12-17T00:14:19</date>
  <millis>1608135259635</millis>
  <sequence>165</sequence>
  <level>RUN_DATA</level>
  <class>com.kms.katalon.core.logging.XmlKeywordLogger</class>
  <method>logMessage</method>
  <thread>1</thread>
  <message>browser = Chrome 87.0.4280.88</message>
  <nestedLevel>2</nestedLevel>
  <property name="browser">Chrome 87.0.4280.88</property>
</record>
<record>
  <date>2020-12-17T00:14:19</date>
  <millis>1608135259637</millis>
  <sequence>166</sequence>
  <level>RUN_DATA</level>
  <class>com.kms.katalon.core.logging.XmlKeywordLogger</class>
  <method>logMessage</method>
  <thread>1</thread>
  <message>platform = Windows 10</message>
  <nestedLevel>2</nestedLevel>
  <property name="platform">Windows 10</property>
</record>
<record>
  <date>2020-12-17T00:14:19</date>
  <millis>1608135259637</millis>
  <sequence>167</sequence>
  <level>RUN_DATA</level>
  <class>com.kms.katalon.core.logging.XmlKeywordLogger</class>
  <method>logMessage</method>
  <thread>1</thread>
  <message>seleniumVersion = 3.141.59</message>
  <nestedLevel>2</nestedLevel>
  <property name="seleniumVersion">3.141.59</property>
</record>
<record>
  <date>2020-12-17T00:14:19</date>
  <millis>1608135259637</millis>
  <sequence>168</sequence>
  <level>RUN_DATA</level>
  <class>com.kms.katalon.core.logging.XmlKeywordLogger</class>
  <method>logMessage</method>
  <thread>1</thread>
  <message>proxyInformation = ProxyInformation{proxyOption=NO_PROXY, proxyServerType=HTTP, password=, proxyServerAddress=, proxyServerPort=0, executionList=}</message>
  <nestedLevel>2</nestedLevel>
  <property name="proxyInformation">ProxyInformation{proxyOption=NO_PROXY, proxyServerType=HTTP, password=, proxyServerAddress=, proxyServerPort=0, executionList=}</property>
</record>
<record>
  <date>2020-12-17T00:14:19</date>
  <millis>1608135259672</millis>
  <sequence>169</sequence>
  <level>PASSED</level>
  <class>com.kms.katalon.core.logging.XmlKeywordLogger</class>
  <method>logMessage</method>
  <thread>1</thread>
  <message>Browser is opened with url: &amp;apos;&amp;apos;</message>
  <nestedLevel>2</nestedLevel>
</record>
<record>
  <date>2020-12-17T00:14:19</date>
  <millis>1608135259673</millis>
  <sequence>170</sequence>
  <level>END</level>
  <class>com.kms.katalon.core.logging.XmlKeywordLogger</class>
  <method>endKeyword</method>
  <thread>1</thread>
  <message>End action : openBrowser(\&amp;quot;\&amp;quot;)</message>
  <nestedLevel>1</nestedLevel>
</record>
<record>
  <date>2020-12-17T00:14:19</date>
  <millis>1608135259673</millis>
  <sequence>171</sequence>
  <level>START</level>
  <class>com.kms.katalon.core.logging.XmlKeywordLogger</class>
  <method>startKeyword</method>
  <thread>1</thread>
  <message>Start action : maximizeWindow()</message>
  <nestedLevel>1</nestedLevel>
  <property name="startLine">19</property>
  <property name="stepIndex">2</property>
</record>
<record>
  <date>2020-12-17T00:14:21</date>
  <millis>1608135261881</millis>
  <sequence>173</sequence>
  <level>PASSED</level>
  <class>com.kms.katalon.core.logging.XmlKeywordLogger</class>
  <method>logMessage</method>
  <thread>1</thread>
  <message>Current window maximized</message>
  <nestedLevel>2</nestedLevel>
</record>
<record>
  <date>2020-12-17T00:14:21</date>
  <millis>1608135261883</millis>
  <sequence>174</sequence>
  <level>END</level>
  <class>com.kms.katalon.core.logging.XmlKeywordLogger</class>
  <method>endKeyword</method>
  <thread>1</thread>
  <message>End action : maximizeWindow()</message>
  <nestedLevel>1</nestedLevel>
</record>
<record>
  <date>2020-12-17T00:14:21</date>
  <millis>1608135261884</millis>
  <sequence>175</sequence>
  <level>START</level>
  <class>com.kms.katalon.core.logging.XmlKeywordLogger</class>
  <method>startKeyword</method>
  <thread>1</thread>
  <message>Start action : Thread.sleep(1000)</message>
  <nestedLevel>1</nestedLevel>
  <property name="startLine">21</property>
  <property name="stepIndex">3</property>
</record>
<record>
  <date>2020-12-17T00:14:22</date>
  <millis>1608135262901</millis>
  <sequence>176</sequence>
  <level>END</level>
  <class>com.kms.katalon.core.logging.XmlKeywordLogger</class>
  <method>endKeyword</method>
  <thread>1</thread>
  <message>End action : Thread.sleep(1000)</message>
  <nestedLevel>1</nestedLevel>
</record>
<record>
  <date>2020-12-17T00:14:22</date>
  <millis>1608135262901</millis>
  <sequence>177</sequence>
  <level>START</level>
  <class>com.kms.katalon.core.logging.XmlKeywordLogger</class>
  <method>startKeyword</method>
  <thread>1</thread>
  <message>Start action : navigateToUrl(SiteURL)</message>
  <nestedLevel>1</nestedLevel>
  <property name="startLine">23</property>
  <property name="stepIndex">4</property>
</record>
<record>
  <date>2020-12-17T00:14:25</date>
  <millis>1608135265434</millis>
  <sequence>180</sequence>
  <level>PASSED</level>
  <class>com.kms.katalon.core.logging.XmlKeywordLogger</class>
  <method>logMessage</method>
  <thread>1</thread>
  <message>Navigate to &amp;apos;https://www.ebay.com/&amp;apos; successfully</message>
  <nestedLevel>2</nestedLevel>
</record>
<record>
  <date>2020-12-17T00:14:25</date>
  <millis>1608135265435</millis>
  <sequence>181</sequence>
  <level>END</level>
  <class>com.kms.katalon.core.logging.XmlKeywordLogger</class>
  <method>endKeyword</method>
  <thread>1</thread>
  <message>End action : navigateToUrl(SiteURL)</message>
  <nestedLevel>1</nestedLevel>
</record>
<record>
  <date>2020-12-17T00:14:25</date>
  <millis>1608135265436</millis>
  <sequence>182</sequence>
  <level>START</level>
  <class>com.kms.katalon.core.logging.XmlKeywordLogger</class>
  <method>startKeyword</method>
  <thread>1</thread>
  <message>Start action : Thread.sleep(1000)</message>
  <nestedLevel>1</nestedLevel>
  <property name="startLine">25</property>
  <property name="stepIndex">5</property>
</record>
<record>
  <date>2020-12-17T00:14:26</date>
  <millis>1608135266444</millis>
  <sequence>183</sequence>
  <level>END</level>
  <class>com.kms.katalon.core.logging.XmlKeywordLogger</class>
  <method>endKeyword</method>
  <thread>1</thread>
  <message>End action : Thread.sleep(1000)</message>
  <nestedLevel>1</nestedLevel>
</record>
<record>
  <date>2020-12-17T00:14:26</date>
  <millis>1608135266444</millis>
  <sequence>184</sequence>
  <level>PASSED</level>
  <class>com.kms.katalon.core.logging.XmlKeywordLogger</class>
  <method>logMessage</method>
  <thread>1</thread>
  <message>Test Cases/fnCommon/fn01_OpenBrowser_Navigate</message>
  <nestedLevel>2</nestedLevel>
</record>
<record>
  <date>2020-12-17T00:14:26</date>
  <millis>1608135266445</millis>
  <sequence>185</sequence>
  <level>END</level>
  <class>com.kms.katalon.core.logging.XmlKeywordLogger</class>
  <method>endTest</method>
  <thread>1</thread>
  <message>End Test Case : Test Cases/fnCommon/fn01_OpenBrowser_Navigate</message>
  <nestedLevel>1</nestedLevel>
</record>
<record>
  <date>2020-12-17T00:14:26</date>
  <millis>1608135266445</millis>
  <sequence>186</sequence>
  <level>PASSED</level>
  <class>com.kms.katalon.core.logging.XmlKeywordLogger</class>
  <method>logMessage</method>
  <thread>1</thread>
  <message>Call Test Case &amp;apos;Test Cases/fnCommon/fn01_OpenBrowser_Navigate&amp;apos; successfully</message>
  <nestedLevel>1</nestedLevel>
</record>
<record>
  <date>2020-12-17T00:14:26</date>
  <millis>1608135266446</millis>
  <sequence>187</sequence>
  <level>END</level>
  <class>com.kms.katalon.core.logging.XmlKeywordLogger</class>
  <method>endKeyword</method>
  <thread>1</thread>
  <message>End action : callTestCase(findTestCase(\&amp;quot;fnCommon/fn01_OpenBrowser_Navigate\&amp;quot;), [\&amp;quot;SiteURL\&amp;quot;:SiteURL2], STOP_ON_FAILURE)</message>
  <nestedLevel>1</nestedLevel>
</record>
<record>
  <date>2020-12-17T00:14:26</date>
  <millis>1608135266446</millis>
  <sequence>188</sequence>
  <level>START</level>
  <class>com.kms.katalon.core.logging.XmlKeywordLogger</class>
  <method>startKeyword</method>
  <thread>1</thread>
  <message>Start action : callTestCase(findTestCase(\&amp;quot;fnCommon/fn03_Product_from_ebay\&amp;quot;), [:], STOP_ON_FAILURE)</message>
  <nestedLevel>1</nestedLevel>
  <property name="startLine">28</property>
  <property name="stepIndex">4</property>
  <property name="description">ebay product</property>
</record>
<record>
  <date>2020-12-17T00:14:26</date>
  <millis>1608135266540</millis>
  <sequence>191</sequence>
  <level>START</level>
  <class>com.kms.katalon.core.logging.XmlKeywordLogger</class>
  <method>startTest</method>
  <thread>1</thread>
  <message>Start Test Case : Test Cases/fnCommon/fn03_Product_from_ebay</message>
  <nestedLevel>2</nestedLevel>
  <property name="name">Test Cases/fnCommon/fn03_Product_from_ebay</property>
  <property name="description"></property>
  <property name="id">Test Cases/fnCommon/fn03_Product_from_ebay</property>
  <property name="source">D:\\Archana\\Automation_Randstad\\Test Cases\\fnCommon\\fn03_Product_from_ebay.tc</property>
  <property name="tag"></property>
  <property name="isOptional">false</property>
</record>
<record>
  <date>2020-12-17T00:14:26</date>
  <millis>1608135266967</millis>
  <sequence>193</sequence>
  <level>START</level>
  <class>com.kms.katalon.core.logging.XmlKeywordLogger</class>
  <method>startKeyword</method>
  <thread>1</thread>
  <message>Start action : setText(findTestObject(\&amp;quot;Page_eBay/txt_Search_ebay\&amp;quot;), \&amp;quot;iphone 11\&amp;quot;)</message>
  <nestedLevel>1</nestedLevel>
  <property name="startLine">22</property>
  <property name="stepIndex">1</property>
  <property name="description">Search product</property>
</record>
<record>
  <date>2020-12-17T00:14:28</date>
  <millis>1608135268380</millis>
  <sequence>204</sequence>
  <level>PASSED</level>
  <class>com.kms.katalon.core.logging.XmlKeywordLogger</class>
  <method>logMessage</method>
  <thread>1</thread>
  <message>Text &amp;apos;iphone 11&amp;apos; is set on object &amp;apos;Object Repository/Page_eBay/txt_Search_ebay&amp;apos;</message>
  <nestedLevel>2</nestedLevel>
</record>
<record>
  <date>2020-12-17T00:14:28</date>
  <millis>1608135268382</millis>
  <sequence>205</sequence>
  <level>END</level>
  <class>com.kms.katalon.core.logging.XmlKeywordLogger</class>
  <method>endKeyword</method>
  <thread>1</thread>
  <message>End action : setText(findTestObject(\&amp;quot;Page_eBay/txt_Search_ebay\&amp;quot;), \&amp;quot;iphone 11\&amp;quot;)</message>
  <nestedLevel>1</nestedLevel>
</record>
<record>
  <date>2020-12-17T00:14:28</date>
  <millis>1608135268382</millis>
  <sequence>206</sequence>
  <level>START</level>
  <class>com.kms.katalon.core.logging.XmlKeywordLogger</class>
  <method>startKeyword</method>
  <thread>1</thread>
  <message>Start action : click(findTestObject(\&amp;quot;Page_eBay/btn_Search_ebay\&amp;quot;))</message>
  <nestedLevel>1</nestedLevel>
  <property name="startLine">23</property>
  <property name="stepIndex">2</property>
</record>
<record>
  <date>2020-12-17T00:14:31</date>
  <millis>1608135271307</millis>
  <sequence>217</sequence>
  <level>PASSED</level>
  <class>com.kms.katalon.core.logging.XmlKeywordLogger</class>
  <method>logMessage</method>
  <thread>1</thread>
  <message>Object: &amp;apos;Object Repository/Page_eBay/btn_Search_ebay&amp;apos; is clicked on</message>
  <nestedLevel>2</nestedLevel>
</record>
<record>
  <date>2020-12-17T00:14:31</date>
  <millis>1608135271308</millis>
  <sequence>218</sequence>
  <level>END</level>
  <class>com.kms.katalon.core.logging.XmlKeywordLogger</class>
  <method>endKeyword</method>
  <thread>1</thread>
  <message>End action : click(findTestObject(\&amp;quot;Page_eBay/btn_Search_ebay\&amp;quot;))</message>
  <nestedLevel>1</nestedLevel>
</record>
<record>
  <date>2020-12-17T00:14:31</date>
  <millis>1608135271308</millis>
  <sequence>219</sequence>
  <level>START</level>
  <class>com.kms.katalon.core.logging.XmlKeywordLogger</class>
  <method>startKeyword</method>
  <thread>1</thread>
  <message>Start action : click(findTestObject(\&amp;quot;Page_eBay/link_product\&amp;quot;))</message>
  <nestedLevel>1</nestedLevel>
  <property name="startLine">24</property>
  <property name="stepIndex">3</property>
</record>
<record>
  <date>2020-12-17T00:14:36</date>
  <millis>1608135276279</millis>
  <sequence>231</sequence>
  <level>PASSED</level>
  <class>com.kms.katalon.core.logging.XmlKeywordLogger</class>
  <method>logMessage</method>
  <thread>1</thread>
  <message>Object: &amp;apos;Object Repository/Page_eBay/link_product&amp;apos; is clicked on</message>
  <nestedLevel>2</nestedLevel>
</record>
<record>
  <date>2020-12-17T00:14:36</date>
  <millis>1608135276281</millis>
  <sequence>232</sequence>
  <level>END</level>
  <class>com.kms.katalon.core.logging.XmlKeywordLogger</class>
  <method>endKeyword</method>
  <thread>1</thread>
  <message>End action : click(findTestObject(\&amp;quot;Page_eBay/link_product\&amp;quot;))</message>
  <nestedLevel>1</nestedLevel>
</record>
<record>
  <date>2020-12-17T00:14:36</date>
  <millis>1608135276282</millis>
  <sequence>233</sequence>
  <level>START</level>
  <class>com.kms.katalon.core.logging.XmlKeywordLogger</class>
  <method>startKeyword</method>
  <thread>1</thread>
  <message>Start action : sGetValue = getText(findTestObject(\&amp;quot;Page_eBay/txt_Productname\&amp;quot;))</message>
  <nestedLevel>1</nestedLevel>
  <property name="startLine">27</property>
  <property name="stepIndex">4</property>
  <property name="description">Get product name</property>
</record>
<record>
  <date>2020-12-17T00:14:39</date>
  <millis>1608135279131</millis>
  <sequence>243</sequence>
  <level>PASSED</level>
  <class>com.kms.katalon.core.logging.XmlKeywordLogger</class>
  <method>logMessage</method>
  <thread>1</thread>
  <message>Text of object &amp;apos;Object Repository/Page_eBay/txt_Productname&amp;apos; is: &amp;apos;Apple iPhone 11 Pro Max - 256GB - Gold A2161 (CDMA + GSM)&amp;apos;</message>
  <nestedLevel>2</nestedLevel>
</record>
<record>
  <date>2020-12-17T00:14:39</date>
  <millis>1608135279134</millis>
  <sequence>244</sequence>
  <level>END</level>
  <class>com.kms.katalon.core.logging.XmlKeywordLogger</class>
  <method>endKeyword</method>
  <thread>1</thread>
  <message>End action : sGetValue = getText(findTestObject(\&amp;quot;Page_eBay/txt_Productname\&amp;quot;))</message>
  <nestedLevel>1</nestedLevel>
</record>
<record>
  <date>2020-12-17T00:14:39</date>
  <millis>1608135279134</millis>
  <sequence>245</sequence>
  <level>START</level>
  <class>com.kms.katalon.core.logging.XmlKeywordLogger</class>
  <method>startKeyword</method>
  <thread>1</thread>
  <message>Start action : comment(\&amp;quot;Name of Website :- ebay\&amp;quot;)</message>
  <nestedLevel>1</nestedLevel>
  <property name="startLine">28</property>
  <property name="stepIndex">5</property>
</record>
<record>
  <date>2020-12-17T00:14:39</date>
  <millis>1608135279142</millis>
  <sequence>246</sequence>
  <level>INFO</level>
  <class>com.kms.katalon.core.logging.XmlKeywordLogger</class>
  <method>logMessage</method>
  <thread>1</thread>
  <message>Name of Website :- ebay</message>
  <nestedLevel>2</nestedLevel>
</record>
<record>
  <date>2020-12-17T00:14:39</date>
  <millis>1608135279145</millis>
  <sequence>247</sequence>
  <level>END</level>
  <class>com.kms.katalon.core.logging.XmlKeywordLogger</class>
  <method>endKeyword</method>
  <thread>1</thread>
  <message>End action : comment(\&amp;quot;Name of Website :- ebay\&amp;quot;)</message>
  <nestedLevel>1</nestedLevel>
</record>
<record>
  <date>2020-12-17T00:14:39</date>
  <millis>1608135279146</millis>
  <sequence>248</sequence>
  <level>START</level>
  <class>com.kms.katalon.core.logging.XmlKeywordLogger</class>
  <method>startKeyword</method>
  <thread>1</thread>
  <message>Start action : comment(\&amp;quot;Name of the product for ebay :- \&amp;quot; + sGetValue)</message>
  <nestedLevel>1</nestedLevel>
  <property name="startLine">29</property>
  <property name="stepIndex">6</property>
</record>
<record>
  <date>2020-12-17T00:14:39</date>
  <millis>1608135279149</millis>
  <sequence>249</sequence>
  <level>INFO</level>
  <class>com.kms.katalon.core.logging.XmlKeywordLogger</class>
  <method>logMessage</method>
  <thread>1</thread>
  <message>Name of the product for ebay :- Apple iPhone 11 Pro Max - 256GB - Gold A2161 (CDMA + GSM)</message>
  <nestedLevel>2</nestedLevel>
</record>
<record>
  <date>2020-12-17T00:14:39</date>
  <millis>1608135279149</millis>
  <sequence>250</sequence>
  <level>END</level>
  <class>com.kms.katalon.core.logging.XmlKeywordLogger</class>
  <method>endKeyword</method>
  <thread>1</thread>
  <message>End action : comment(\&amp;quot;Name of the product for ebay :- \&amp;quot; + sGetValue)</message>
  <nestedLevel>1</nestedLevel>
</record>
<record>
  <date>2020-12-17T00:14:39</date>
  <millis>1608135279149</millis>
  <sequence>251</sequence>
  <level>START</level>
  <class>com.kms.katalon.core.logging.XmlKeywordLogger</class>
  <method>startKeyword</method>
  <thread>1</thread>
  <message>Start action : println(\&amp;quot;Name of Website :- ebay\&amp;quot;)</message>
  <nestedLevel>1</nestedLevel>
  <property name="startLine">30</property>
  <property name="stepIndex">7</property>
</record>
<record>
  <date>2020-12-17T00:14:39</date>
  <millis>1608135279149</millis>
  <sequence>252</sequence>
  <level>END</level>
  <class>com.kms.katalon.core.logging.XmlKeywordLogger</class>
  <method>endKeyword</method>
  <thread>1</thread>
  <message>End action : println(\&amp;quot;Name of Website :- ebay\&amp;quot;)</message>
  <nestedLevel>1</nestedLevel>
</record>
<record>
  <date>2020-12-17T00:14:39</date>
  <millis>1608135279156</millis>
  <sequence>253</sequence>
  <level>START</level>
  <class>com.kms.katalon.core.logging.XmlKeywordLogger</class>
  <method>startKeyword</method>
  <thread>1</thread>
  <message>Start action : println(\&amp;quot;Name of the product for ebay :- \&amp;quot; + sGetValue)</message>
  <nestedLevel>1</nestedLevel>
  <property name="startLine">31</property>
  <property name="stepIndex">8</property>
</record>
<record>
  <date>2020-12-17T00:14:39</date>
  <millis>1608135279159</millis>
  <sequence>254</sequence>
  <level>END</level>
  <class>com.kms.katalon.core.logging.XmlKeywordLogger</class>
  <method>endKeyword</method>
  <thread>1</thread>
  <message>End action : println(\&amp;quot;Name of the product for ebay :- \&amp;quot; + sGetValue)</message>
  <nestedLevel>1</nestedLevel>
</record>
<record>
  <date>2020-12-17T00:14:39</date>
  <millis>1608135279160</millis>
  <sequence>255</sequence>
  <level>START</level>
  <class>com.kms.katalon.core.logging.XmlKeywordLogger</class>
  <method>startKeyword</method>
  <thread>1</thread>
  <message>Start action : sGetPrice = getText(findTestObject(\&amp;quot;Page_eBay/txt_productprice\&amp;quot;))</message>
  <nestedLevel>1</nestedLevel>
  <property name="startLine">34</property>
  <property name="stepIndex">9</property>
  <property name="description">Get price</property>
</record>
<record>
  <date>2020-12-17T00:14:41</date>
  <millis>1608135281502</millis>
  <sequence>264</sequence>
  <level>PASSED</level>
  <class>com.kms.katalon.core.logging.XmlKeywordLogger</class>
  <method>logMessage</method>
  <thread>1</thread>
  <message>Text of object &amp;apos;Object Repository/Page_eBay/txt_productprice&amp;apos; is: &amp;apos;US $740.00&amp;apos;</message>
  <nestedLevel>2</nestedLevel>
</record>
<record>
  <date>2020-12-17T00:14:41</date>
  <millis>1608135281503</millis>
  <sequence>265</sequence>
  <level>END</level>
  <class>com.kms.katalon.core.logging.XmlKeywordLogger</class>
  <method>endKeyword</method>
  <thread>1</thread>
  <message>End action : sGetPrice = getText(findTestObject(\&amp;quot;Page_eBay/txt_productprice\&amp;quot;))</message>
  <nestedLevel>1</nestedLevel>
</record>
<record>
  <date>2020-12-17T00:14:41</date>
  <millis>1608135281504</millis>
  <sequence>266</sequence>
  <level>START</level>
  <class>com.kms.katalon.core.logging.XmlKeywordLogger</class>
  <method>startKeyword</method>
  <thread>1</thread>
  <message>Start action : comment(\&amp;quot;Price of the product for ebay :- \&amp;quot; + sGetPrice)</message>
  <nestedLevel>1</nestedLevel>
  <property name="startLine">35</property>
  <property name="stepIndex">10</property>
</record>
<record>
  <date>2020-12-17T00:14:41</date>
  <millis>1608135281510</millis>
  <sequence>267</sequence>
  <level>INFO</level>
  <class>com.kms.katalon.core.logging.XmlKeywordLogger</class>
  <method>logMessage</method>
  <thread>1</thread>
  <message>Price of the product for ebay :- US $740.00</message>
  <nestedLevel>2</nestedLevel>
</record>
<record>
  <date>2020-12-17T00:14:41</date>
  <millis>1608135281510</millis>
  <sequence>268</sequence>
  <level>END</level>
  <class>com.kms.katalon.core.logging.XmlKeywordLogger</class>
  <method>endKeyword</method>
  <thread>1</thread>
  <message>End action : comment(\&amp;quot;Price of the product for ebay :- \&amp;quot; + sGetPrice)</message>
  <nestedLevel>1</nestedLevel>
</record>
<record>
  <date>2020-12-17T00:14:41</date>
  <millis>1608135281510</millis>
  <sequence>269</sequence>
  <level>START</level>
  <class>com.kms.katalon.core.logging.XmlKeywordLogger</class>
  <method>startKeyword</method>
  <thread>1</thread>
  <message>Start action : println(\&amp;quot;Price of the product for ebay :- \&amp;quot; + sGetPrice)</message>
  <nestedLevel>1</nestedLevel>
  <property name="startLine">36</property>
  <property name="stepIndex">11</property>
</record>
<record>
  <date>2020-12-17T00:14:41</date>
  <millis>1608135281510</millis>
  <sequence>270</sequence>
  <level>END</level>
  <class>com.kms.katalon.core.logging.XmlKeywordLogger</class>
  <method>endKeyword</method>
  <thread>1</thread>
  <message>End action : println(\&amp;quot;Price of the product for ebay :- \&amp;quot; + sGetPrice)</message>
  <nestedLevel>1</nestedLevel>
</record>
<record>
  <date>2020-12-17T00:14:41</date>
  <millis>1608135281510</millis>
  <sequence>271</sequence>
  <level>START</level>
  <class>com.kms.katalon.core.logging.XmlKeywordLogger</class>
  <method>startKeyword</method>
  <thread>1</thread>
  <message>Start action : Price_ebay = sGetPrice</message>
  <nestedLevel>1</nestedLevel>
  <property name="startLine">37</property>
  <property name="stepIndex">12</property>
</record>
<record>
  <date>2020-12-17T00:14:41</date>
  <millis>1608135281510</millis>
  <sequence>272</sequence>
  <level>END</level>
  <class>com.kms.katalon.core.logging.XmlKeywordLogger</class>
  <method>endKeyword</method>
  <thread>1</thread>
  <message>End action : Price_ebay = sGetPrice</message>
  <nestedLevel>1</nestedLevel>
</record>
<record>
  <date>2020-12-17T00:14:41</date>
  <millis>1608135281510</millis>
  <sequence>273</sequence>
  <level>START</level>
  <class>com.kms.katalon.core.logging.XmlKeywordLogger</class>
  <method>startKeyword</method>
  <thread>1</thread>
  <message>Start action : sGetLink = getUrl()</message>
  <nestedLevel>1</nestedLevel>
  <property name="startLine">40</property>
  <property name="stepIndex">13</property>
  <property name="description">Get URL</property>
</record>
<record>
  <date>2020-12-17T00:14:41</date>
  <millis>1608135281564</millis>
  <sequence>275</sequence>
  <level>PASSED</level>
  <class>com.kms.katalon.core.logging.XmlKeywordLogger</class>
  <method>logMessage</method>
  <thread>1</thread>
  <message>Current window&amp;apos;s url is: &amp;apos;https://www.ebay.com/itm/Apple-iPhone-11-Pro-Max-256GB-Gold-A2161-CDMA-GSM/274610973194?epid=22034217307&amp;amp;hash=item3ff016ea0a:g:VjgAAOSwcmVfv0Oz&amp;apos;</message>
  <nestedLevel>2</nestedLevel>
</record>
<record>
  <date>2020-12-17T00:14:41</date>
  <millis>1608135281564</millis>
  <sequence>276</sequence>
  <level>END</level>
  <class>com.kms.katalon.core.logging.XmlKeywordLogger</class>
  <method>endKeyword</method>
  <thread>1</thread>
  <message>End action : sGetLink = getUrl()</message>
  <nestedLevel>1</nestedLevel>
</record>
<record>
  <date>2020-12-17T00:14:41</date>
  <millis>1608135281564</millis>
  <sequence>277</sequence>
  <level>START</level>
  <class>com.kms.katalon.core.logging.XmlKeywordLogger</class>
  <method>startKeyword</method>
  <thread>1</thread>
  <message>Start action : comment(\&amp;quot;Link for the product for ebay :- \&amp;quot; + sGetLink)</message>
  <nestedLevel>1</nestedLevel>
  <property name="startLine">41</property>
  <property name="stepIndex">14</property>
</record>
<record>
  <date>2020-12-17T00:14:41</date>
  <millis>1608135281573</millis>
  <sequence>278</sequence>
  <level>INFO</level>
  <class>com.kms.katalon.core.logging.XmlKeywordLogger</class>
  <method>logMessage</method>
  <thread>1</thread>
  <message>Link for the product for ebay :- https://www.ebay.com/itm/Apple-iPhone-11-Pro-Max-256GB-Gold-A2161-CDMA-GSM/274610973194?epid=22034217307&amp;amp;hash=item3ff016ea0a:g:VjgAAOSwcmVfv0Oz</message>
  <nestedLevel>2</nestedLevel>
</record>
<record>
  <date>2020-12-17T00:14:41</date>
  <millis>1608135281574</millis>
  <sequence>279</sequence>
  <level>END</level>
  <class>com.kms.katalon.core.logging.XmlKeywordLogger</class>
  <method>endKeyword</method>
  <thread>1</thread>
  <message>End action : comment(\&amp;quot;Link for the product for ebay :- \&amp;quot; + sGetLink)</message>
  <nestedLevel>1</nestedLevel>
</record>
<record>
  <date>2020-12-17T00:14:41</date>
  <millis>1608135281575</millis>
  <sequence>280</sequence>
  <level>START</level>
  <class>com.kms.katalon.core.logging.XmlKeywordLogger</class>
  <method>startKeyword</method>
  <thread>1</thread>
  <message>Start action : println(\&amp;quot;Link for the product for ebay :- \&amp;quot; + sGetLink)</message>
  <nestedLevel>1</nestedLevel>
  <property name="startLine">42</property>
  <property name="stepIndex">15</property>
</record>
<record>
  <date>2020-12-17T00:14:41</date>
  <millis>1608135281578</millis>
  <sequence>281</sequence>
  <level>END</level>
  <class>com.kms.katalon.core.logging.XmlKeywordLogger</class>
  <method>endKeyword</method>
  <thread>1</thread>
  <message>End action : println(\&amp;quot;Link for the product for ebay :- \&amp;quot; + sGetLink)</message>
  <nestedLevel>1</nestedLevel>
</record>
<record>
  <date>2020-12-17T00:14:41</date>
  <millis>1608135281578</millis>
  <sequence>282</sequence>
  <level>START</level>
  <class>com.kms.katalon.core.logging.XmlKeywordLogger</class>
  <method>startKeyword</method>
  <thread>1</thread>
  <message>Start action : closeBrowser()</message>
  <nestedLevel>1</nestedLevel>
  <property name="startLine">44</property>
  <property name="stepIndex">16</property>
</record>
<record>
  <date>2020-12-17T00:14:42</date>
  <millis>1608135282419</millis>
  <sequence>284</sequence>
  <level>PASSED</level>
  <class>com.kms.katalon.core.logging.XmlKeywordLogger</class>
  <method>logMessage</method>
  <thread>1</thread>
  <message>Browser is closed</message>
  <nestedLevel>2</nestedLevel>
</record>
<record>
  <date>2020-12-17T00:14:42</date>
  <millis>1608135282419</millis>
  <sequence>285</sequence>
  <level>END</level>
  <class>com.kms.katalon.core.logging.XmlKeywordLogger</class>
  <method>endKeyword</method>
  <thread>1</thread>
  <message>End action : closeBrowser()</message>
  <nestedLevel>1</nestedLevel>
</record>
<record>
  <date>2020-12-17T00:14:42</date>
  <millis>1608135282420</millis>
  <sequence>286</sequence>
  <level>PASSED</level>
  <class>com.kms.katalon.core.logging.XmlKeywordLogger</class>
  <method>logMessage</method>
  <thread>1</thread>
  <message>Test Cases/fnCommon/fn03_Product_from_ebay</message>
  <nestedLevel>2</nestedLevel>
</record>
<record>
  <date>2020-12-17T00:14:42</date>
  <millis>1608135282421</millis>
  <sequence>287</sequence>
  <level>END</level>
  <class>com.kms.katalon.core.logging.XmlKeywordLogger</class>
  <method>endTest</method>
  <thread>1</thread>
  <message>End Test Case : Test Cases/fnCommon/fn03_Product_from_ebay</message>
  <nestedLevel>1</nestedLevel>
</record>
<record>
  <date>2020-12-17T00:14:42</date>
  <millis>1608135282421</millis>
  <sequence>288</sequence>
  <level>PASSED</level>
  <class>com.kms.katalon.core.logging.XmlKeywordLogger</class>
  <method>logMessage</method>
  <thread>1</thread>
  <message>Call Test Case &amp;apos;Test Cases/fnCommon/fn03_Product_from_ebay&amp;apos; successfully</message>
  <nestedLevel>1</nestedLevel>
</record>
<record>
  <date>2020-12-17T00:14:42</date>
  <millis>1608135282422</millis>
  <sequence>289</sequence>
  <level>END</level>
  <class>com.kms.katalon.core.logging.XmlKeywordLogger</class>
  <method>endKeyword</method>
  <thread>1</thread>
  <message>End action : callTestCase(findTestCase(\&amp;quot;fnCommon/fn03_Product_from_ebay\&amp;quot;), [:], STOP_ON_FAILURE)</message>
  <nestedLevel>1</nestedLevel>
</record>
<record>
  <date>2020-12-17T00:14:42</date>
  <millis>1608135282422</millis>
  <sequence>290</sequence>
  <level>START</level>
  <class>com.kms.katalon.core.logging.XmlKeywordLogger</class>
  <method>startKeyword</method>
  <thread>1</thread>
  <message>Start action : callTestCase(findTestCase(\&amp;quot;fnCommon/fn04_ComparePrice\&amp;quot;), [:], STOP_ON_FAILURE)</message>
  <nestedLevel>1</nestedLevel>
  <property name="startLine">31</property>
  <property name="stepIndex">5</property>
  <property name="description">Compare Price</property>
</record>
<record>
  <date>2020-12-17T00:14:42</date>
  <millis>1608135282493</millis>
  <sequence>293</sequence>
  <level>START</level>
  <class>com.kms.katalon.core.logging.XmlKeywordLogger</class>
  <method>startTest</method>
  <thread>1</thread>
  <message>Start Test Case : Test Cases/fnCommon/fn04_ComparePrice</message>
  <nestedLevel>2</nestedLevel>
  <property name="name">Test Cases/fnCommon/fn04_ComparePrice</property>
  <property name="description"></property>
  <property name="id">Test Cases/fnCommon/fn04_ComparePrice</property>
  <property name="source">D:\\Archana\\Automation_Randstad\\Test Cases\\fnCommon\\fn04_ComparePrice.tc</property>
  <property name="tag"></property>
  <property name="isOptional">false</property>
</record>
<record>
  <date>2020-12-17T00:14:42</date>
  <millis>1608135282797</millis>
  <sequence>295</sequence>
  <level>START</level>
  <class>com.kms.katalon.core.logging.XmlKeywordLogger</class>
  <method>startKeyword</method>
  <thread>1</thread>
  <message>Start action : priceAmazon = Price_amazon.split(\&amp;quot;\\$\&amp;quot;)</message>
  <nestedLevel>1</nestedLevel>
  <property name="startLine">22</property>
  <property name="stepIndex">1</property>
</record>
<record>
  <date>2020-12-17T00:14:42</date>
  <millis>1608135282805</millis>
  <sequence>296</sequence>
  <level>END</level>
  <class>com.kms.katalon.core.logging.XmlKeywordLogger</class>
  <method>endKeyword</method>
  <thread>1</thread>
  <message>End action : priceAmazon = Price_amazon.split(\&amp;quot;\\$\&amp;quot;)</message>
  <nestedLevel>1</nestedLevel>
</record>
<record>
  <date>2020-12-17T00:14:42</date>
  <millis>1608135282806</millis>
  <sequence>297</sequence>
  <level>START</level>
  <class>com.kms.katalon.core.logging.XmlKeywordLogger</class>
  <method>startKeyword</method>
  <thread>1</thread>
  <message>Start action : priceebay = Price_ebay.split(\&amp;quot;\\$\&amp;quot;)</message>
  <nestedLevel>1</nestedLevel>
  <property name="startLine">23</property>
  <property name="stepIndex">2</property>
</record>
<record>
  <date>2020-12-17T00:14:42</date>
  <millis>1608135282809</millis>
  <sequence>298</sequence>
  <level>END</level>
  <class>com.kms.katalon.core.logging.XmlKeywordLogger</class>
  <method>endKeyword</method>
  <thread>1</thread>
  <message>End action : priceebay = Price_ebay.split(\&amp;quot;\\$\&amp;quot;)</message>
  <nestedLevel>1</nestedLevel>
</record>
<record>
  <date>2020-12-17T00:14:42</date>
  <millis>1608135282810</millis>
  <sequence>299</sequence>
  <level>START</level>
  <class>com.kms.katalon.core.logging.XmlKeywordLogger</class>
  <method>startKeyword</method>
  <thread>1</thread>
  <message>Start action : comment(\&amp;quot;Price of product at Amazon  :-\&amp;quot; + priceAmazon[1])</message>
  <nestedLevel>1</nestedLevel>
  <property name="startLine">25</property>
  <property name="stepIndex">3</property>
</record>
<record>
  <date>2020-12-17T00:14:42</date>
  <millis>1608135282813</millis>
  <sequence>300</sequence>
  <level>INFO</level>
  <class>com.kms.katalon.core.logging.XmlKeywordLogger</class>
  <method>logMessage</method>
  <thread>1</thread>
  <message>Price of product at Amazon  :-723.00</message>
  <nestedLevel>2</nestedLevel>
</record>
<record>
  <date>2020-12-17T00:14:42</date>
  <millis>1608135282814</millis>
  <sequence>301</sequence>
  <level>END</level>
  <class>com.kms.katalon.core.logging.XmlKeywordLogger</class>
  <method>endKeyword</method>
  <thread>1</thread>
  <message>End action : comment(\&amp;quot;Price of product at Amazon  :-\&amp;quot; + priceAmazon[1])</message>
  <nestedLevel>1</nestedLevel>
</record>
<record>
  <date>2020-12-17T00:14:42</date>
  <millis>1608135282814</millis>
  <sequence>302</sequence>
  <level>START</level>
  <class>com.kms.katalon.core.logging.XmlKeywordLogger</class>
  <method>startKeyword</method>
  <thread>1</thread>
  <message>Start action : println(priceAmazon[1])</message>
  <nestedLevel>1</nestedLevel>
  <property name="startLine">28</property>
  <property name="stepIndex">4</property>
</record>
<record>
  <date>2020-12-17T00:14:42</date>
  <millis>1608135282815</millis>
  <sequence>303</sequence>
  <level>END</level>
  <class>com.kms.katalon.core.logging.XmlKeywordLogger</class>
  <method>endKeyword</method>
  <thread>1</thread>
  <message>End action : println(priceAmazon[1])</message>
  <nestedLevel>1</nestedLevel>
</record>
<record>
  <date>2020-12-17T00:14:42</date>
  <millis>1608135282815</millis>
  <sequence>304</sequence>
  <level>START</level>
  <class>com.kms.katalon.core.logging.XmlKeywordLogger</class>
  <method>startKeyword</method>
  <thread>1</thread>
  <message>Start action : comment(\&amp;quot;Price of product at ebay :-\&amp;quot; + priceebay[1])</message>
  <nestedLevel>1</nestedLevel>
  <property name="startLine">30</property>
  <property name="stepIndex">5</property>
</record>
<record>
  <date>2020-12-17T00:14:42</date>
  <millis>1608135282817</millis>
  <sequence>305</sequence>
  <level>INFO</level>
  <class>com.kms.katalon.core.logging.XmlKeywordLogger</class>
  <method>logMessage</method>
  <thread>1</thread>
  <message>Price of product at ebay :-740.00</message>
  <nestedLevel>2</nestedLevel>
</record>
<record>
  <date>2020-12-17T00:14:42</date>
  <millis>1608135282819</millis>
  <sequence>306</sequence>
  <level>END</level>
  <class>com.kms.katalon.core.logging.XmlKeywordLogger</class>
  <method>endKeyword</method>
  <thread>1</thread>
  <message>End action : comment(\&amp;quot;Price of product at ebay :-\&amp;quot; + priceebay[1])</message>
  <nestedLevel>1</nestedLevel>
</record>
<record>
  <date>2020-12-17T00:14:42</date>
  <millis>1608135282819</millis>
  <sequence>307</sequence>
  <level>START</level>
  <class>com.kms.katalon.core.logging.XmlKeywordLogger</class>
  <method>startKeyword</method>
  <thread>1</thread>
  <message>Start action : println(priceebay[1])</message>
  <nestedLevel>1</nestedLevel>
  <property name="startLine">32</property>
  <property name="stepIndex">6</property>
</record>
<record>
  <date>2020-12-17T00:14:42</date>
  <millis>1608135282822</millis>
  <sequence>308</sequence>
  <level>END</level>
  <class>com.kms.katalon.core.logging.XmlKeywordLogger</class>
  <method>endKeyword</method>
  <thread>1</thread>
  <message>End action : println(priceebay[1])</message>
  <nestedLevel>1</nestedLevel>
</record>
<record>
  <date>2020-12-17T00:14:42</date>
  <millis>1608135282822</millis>
  <sequence>309</sequence>
  <level>START</level>
  <class>com.kms.katalon.core.logging.XmlKeywordLogger</class>
  <method>startKeyword</method>
  <thread>1</thread>
  <message>Start action : priceeAmazonNew = Float.parseFloat(priceAmazon[1])</message>
  <nestedLevel>1</nestedLevel>
  <property name="startLine">35</property>
  <property name="stepIndex">7</property>
</record>
<record>
  <date>2020-12-17T00:14:42</date>
  <millis>1608135282830</millis>
  <sequence>310</sequence>
  <level>END</level>
  <class>com.kms.katalon.core.logging.XmlKeywordLogger</class>
  <method>endKeyword</method>
  <thread>1</thread>
  <message>End action : priceeAmazonNew = Float.parseFloat(priceAmazon[1])</message>
  <nestedLevel>1</nestedLevel>
</record>
<record>
  <date>2020-12-17T00:14:42</date>
  <millis>1608135282831</millis>
  <sequence>311</sequence>
  <level>START</level>
  <class>com.kms.katalon.core.logging.XmlKeywordLogger</class>
  <method>startKeyword</method>
  <thread>1</thread>
  <message>Start action : priceebayNew = Float.parseFloat(priceebay[1])</message>
  <nestedLevel>1</nestedLevel>
  <property name="startLine">36</property>
  <property name="stepIndex">8</property>
</record>
<record>
  <date>2020-12-17T00:14:42</date>
  <millis>1608135282832</millis>
  <sequence>312</sequence>
  <level>END</level>
  <class>com.kms.katalon.core.logging.XmlKeywordLogger</class>
  <method>endKeyword</method>
  <thread>1</thread>
  <message>End action : priceebayNew = Float.parseFloat(priceebay[1])</message>
  <nestedLevel>1</nestedLevel>
</record>
<record>
  <date>2020-12-17T00:14:42</date>
  <millis>1608135282832</millis>
  <sequence>313</sequence>
  <level>START</level>
  <class>com.kms.katalon.core.logging.XmlKeywordLogger</class>
  <method>startKeyword</method>
  <thread>1</thread>
  <message>Start action : if (priceeAmazonNew &amp;lt; priceebayNew)</message>
  <nestedLevel>1</nestedLevel>
  <property name="startLine">39</property>
  <property name="stepIndex">9</property>
</record>
<record>
  <date>2020-12-17T00:14:42</date>
  <millis>1608135282833</millis>
  <sequence>314</sequence>
  <level>START</level>
  <class>com.kms.katalon.core.logging.XmlKeywordLogger</class>
  <method>startKeyword</method>
  <thread>1</thread>
  <message>Start action : markPassed(\&amp;quot;Amazon has lesser price value for product than Ebay\&amp;quot;)</message>
  <nestedLevel>2</nestedLevel>
  <property name="startLine">42</property>
  <property name="stepIndex">1</property>
</record>
<record>
  <date>2020-12-17T00:14:42</date>
  <millis>1608135282835</millis>
  <sequence>315</sequence>
  <level>PASSED</level>
  <class>com.kms.katalon.core.logging.XmlKeywordLogger</class>
  <method>logMessage</method>
  <thread>1</thread>
  <message>Amazon has lesser price value for product than Ebay</message>
  <nestedLevel>2</nestedLevel>
</record>
<record>
  <date>2020-12-17T00:14:42</date>
  <millis>1608135282836</millis>
  <sequence>316</sequence>
  <level>END</level>
  <class>com.kms.katalon.core.logging.XmlKeywordLogger</class>
  <method>endKeyword</method>
  <thread>1</thread>
  <message>End action : markPassed(\&amp;quot;Amazon has lesser price value for product than Ebay\&amp;quot;)</message>
  <nestedLevel>2</nestedLevel>
</record>
<record>
  <date>2020-12-17T00:14:42</date>
  <millis>1608135282836</millis>
  <sequence>317</sequence>
  <level>START</level>
  <class>com.kms.katalon.core.logging.XmlKeywordLogger</class>
  <method>startKeyword</method>
  <thread>1</thread>
  <message>Start action : markPassed(\&amp;quot;1. Amazon price value for product :- \&amp;quot; + Price_amazon)</message>
  <nestedLevel>2</nestedLevel>
  <property name="startLine">43</property>
  <property name="stepIndex">2</property>
</record>
<record>
  <date>2020-12-17T00:14:42</date>
  <millis>1608135282837</millis>
  <sequence>318</sequence>
  <level>PASSED</level>
  <class>com.kms.katalon.core.logging.XmlKeywordLogger</class>
  <method>logMessage</method>
  <thread>1</thread>
  <message>1. Amazon price value for product :- $723.00</message>
  <nestedLevel>2</nestedLevel>
</record>
<record>
  <date>2020-12-17T00:14:42</date>
  <millis>1608135282838</millis>
  <sequence>319</sequence>
  <level>END</level>
  <class>com.kms.katalon.core.logging.XmlKeywordLogger</class>
  <method>endKeyword</method>
  <thread>1</thread>
  <message>End action : markPassed(\&amp;quot;1. Amazon price value for product :- \&amp;quot; + Price_amazon)</message>
  <nestedLevel>2</nestedLevel>
</record>
<record>
  <date>2020-12-17T00:14:42</date>
  <millis>1608135282838</millis>
  <sequence>320</sequence>
  <level>START</level>
  <class>com.kms.katalon.core.logging.XmlKeywordLogger</class>
  <method>startKeyword</method>
  <thread>1</thread>
  <message>Start action : markPassed(\&amp;quot;2. ebay price value for product :- \&amp;quot; + Price_ebay)</message>
  <nestedLevel>2</nestedLevel>
  <property name="startLine">44</property>
  <property name="stepIndex">3</property>
</record>
<record>
  <date>2020-12-17T00:14:42</date>
  <millis>1608135282839</millis>
  <sequence>321</sequence>
  <level>PASSED</level>
  <class>com.kms.katalon.core.logging.XmlKeywordLogger</class>
  <method>logMessage</method>
  <thread>1</thread>
  <message>2. ebay price value for product :- US $740.00</message>
  <nestedLevel>2</nestedLevel>
</record>
<record>
  <date>2020-12-17T00:14:42</date>
  <millis>1608135282839</millis>
  <sequence>322</sequence>
  <level>END</level>
  <class>com.kms.katalon.core.logging.XmlKeywordLogger</class>
  <method>endKeyword</method>
  <thread>1</thread>
  <message>End action : markPassed(\&amp;quot;2. ebay price value for product :- \&amp;quot; + Price_ebay)</message>
  <nestedLevel>2</nestedLevel>
</record>
<record>
  <date>2020-12-17T00:14:42</date>
  <millis>1608135282839</millis>
  <sequence>323</sequence>
  <level>START</level>
  <class>com.kms.katalon.core.logging.XmlKeywordLogger</class>
  <method>startKeyword</method>
  <thread>1</thread>
  <message>Start action : println(\&amp;quot;Amazon has lesser price value for product than Ebay\&amp;quot;)</message>
  <nestedLevel>2</nestedLevel>
  <property name="startLine">45</property>
  <property name="stepIndex">4</property>
</record>
<record>
  <date>2020-12-17T00:14:42</date>
  <millis>1608135282842</millis>
  <sequence>324</sequence>
  <level>END</level>
  <class>com.kms.katalon.core.logging.XmlKeywordLogger</class>
  <method>endKeyword</method>
  <thread>1</thread>
  <message>End action : println(\&amp;quot;Amazon has lesser price value for product than Ebay\&amp;quot;)</message>
  <nestedLevel>2</nestedLevel>
</record>
<record>
  <date>2020-12-17T00:14:42</date>
  <millis>1608135282842</millis>
  <sequence>325</sequence>
  <level>START</level>
  <class>com.kms.katalon.core.logging.XmlKeywordLogger</class>
  <method>startKeyword</method>
  <thread>1</thread>
  <message>Start action : println(\&amp;quot;1. Amazon price value for product :- \&amp;quot; + Price_amazon)</message>
  <nestedLevel>2</nestedLevel>
  <property name="startLine">46</property>
  <property name="stepIndex">5</property>
</record>
<record>
  <date>2020-12-17T00:14:42</date>
  <millis>1608135282843</millis>
  <sequence>326</sequence>
  <level>END</level>
  <class>com.kms.katalon.core.logging.XmlKeywordLogger</class>
  <method>endKeyword</method>
  <thread>1</thread>
  <message>End action : println(\&amp;quot;1. Amazon price value for product :- \&amp;quot; + Price_amazon)</message>
  <nestedLevel>2</nestedLevel>
</record>
<record>
  <date>2020-12-17T00:14:42</date>
  <millis>1608135282843</millis>
  <sequence>327</sequence>
  <level>START</level>
  <class>com.kms.katalon.core.logging.XmlKeywordLogger</class>
  <method>startKeyword</method>
  <thread>1</thread>
  <message>Start action : println(\&amp;quot;2. ebay price value for product :- \&amp;quot; + Price_ebay)</message>
  <nestedLevel>2</nestedLevel>
  <property name="startLine">47</property>
  <property name="stepIndex">6</property>
</record>
<record>
  <date>2020-12-17T00:14:42</date>
  <millis>1608135282844</millis>
  <sequence>328</sequence>
  <level>END</level>
  <class>com.kms.katalon.core.logging.XmlKeywordLogger</class>
  <method>endKeyword</method>
  <thread>1</thread>
  <message>End action : println(\&amp;quot;2. ebay price value for product :- \&amp;quot; + Price_ebay)</message>
  <nestedLevel>2</nestedLevel>
</record>
<record>
  <date>2020-12-17T00:14:42</date>
  <millis>1608135282844</millis>
  <sequence>329</sequence>
  <level>END</level>
  <class>com.kms.katalon.core.logging.XmlKeywordLogger</class>
  <method>endKeyword</method>
  <thread>1</thread>
  <message>End action : if (priceeAmazonNew &amp;lt; priceebayNew)</message>
  <nestedLevel>1</nestedLevel>
</record>
<record>
  <date>2020-12-17T00:14:42</date>
  <millis>1608135282844</millis>
  <sequence>330</sequence>
  <level>PASSED</level>
  <class>com.kms.katalon.core.logging.XmlKeywordLogger</class>
  <method>logMessage</method>
  <thread>1</thread>
  <message>Test Cases/fnCommon/fn04_ComparePrice</message>
  <nestedLevel>2</nestedLevel>
</record>
<record>
  <date>2020-12-17T00:14:42</date>
  <millis>1608135282845</millis>
  <sequence>331</sequence>
  <level>END</level>
  <class>com.kms.katalon.core.logging.XmlKeywordLogger</class>
  <method>endTest</method>
  <thread>1</thread>
  <message>End Test Case : Test Cases/fnCommon/fn04_ComparePrice</message>
  <nestedLevel>1</nestedLevel>
</record>
<record>
  <date>2020-12-17T00:14:42</date>
  <millis>1608135282845</millis>
  <sequence>332</sequence>
  <level>PASSED</level>
  <class>com.kms.katalon.core.logging.XmlKeywordLogger</class>
  <method>logMessage</method>
  <thread>1</thread>
  <message>Call Test Case &amp;apos;Test Cases/fnCommon/fn04_ComparePrice&amp;apos; successfully</message>
  <nestedLevel>1</nestedLevel>
</record>
<record>
  <date>2020-12-17T00:14:42</date>
  <millis>1608135282845</millis>
  <sequence>333</sequence>
  <level>END</level>
  <class>com.kms.katalon.core.logging.XmlKeywordLogger</class>
  <method>endKeyword</method>
  <thread>1</thread>
  <message>End action : callTestCase(findTestCase(\&amp;quot;fnCommon/fn04_ComparePrice\&amp;quot;), [:], STOP_ON_FAILURE)</message>
  <nestedLevel>1</nestedLevel>
</record>
<record>
  <date>2020-12-17T00:14:42</date>
  <millis>1608135282845</millis>
  <sequence>334</sequence>
  <level>PASSED</level>
  <class>com.kms.katalon.core.logging.XmlKeywordLogger</class>
  <method>logMessage</method>
  <thread>1</thread>
  <message>Test Cases/TestCase_01_ComparePrice</message>
  <nestedLevel>1</nestedLevel>
</record>
<record>
  <date>2020-12-17T00:14:45</date>
  <millis>1608135285087</millis>
  <sequence>335</sequence>
  <level>START</level>
  <class>com.kms.katalon.core.logging.XmlKeywordLogger</class>
  <method>startKeyword</method>
  <thread>1</thread>
  <message>Start action : Video</message>
  <nestedLevel>1</nestedLevel>
</record>
<record>
  <date>2020-12-17T00:14:45</date>
  <millis>1608135285087</millis>
  <sequence>336</sequence>
  <level>INFO</level>
  <class>com.kms.katalon.core.logging.XmlKeywordLogger</class>
  <method>logMessage</method>
  <thread>1</thread>
  <message>Video recording for test case &amp;apos;Test Cases/TestCase_01_ComparePrice&amp;apos; .</message>
  <nestedLevel>1</nestedLevel>
  <property name="attachment">D:\\Archana\\Automation_Randstad\\Reports\\20201217_001326\\TS01_Compare Product Price\\20201217_001326/videos\\test_1.avi</property>
</record>
<record>
  <date>2020-12-17T00:14:45</date>
  <millis>1608135285088</millis>
  <sequence>337</sequence>
  <level>END</level>
  <class>com.kms.katalon.core.logging.XmlKeywordLogger</class>
  <method>endKeyword</method>
  <thread>1</thread>
  <message>End End action : Video</message>
  <nestedLevel>1</nestedLevel>
</record>
<record>
  <date>2020-12-17T00:14:45</date>
  <millis>1608135285088</millis>
  <sequence>338</sequence>
  <level>END</level>
  <class>com.kms.katalon.core.logging.XmlKeywordLogger</class>
  <method>endTest</method>
  <thread>1</thread>
  <message>End Test Case : Test Cases/TestCase_01_ComparePrice</message>
  <nestedLevel>0</nestedLevel>
</record>
<record>
  <date>2020-12-17T00:14:45</date>
  <millis>1608135285092</millis>
  <sequence>339</sequence>
  <level>START</level>
  <class>com.kms.katalon.core.logging.XmlKeywordLogger</class>
  <method>startKeyword</method>
  <thread>1</thread>
  <message>Start listener action : exportKatalonReports</message>
  <nestedLevel>0</nestedLevel>
</record>
<record>
  <date>2020-12-17T00:14:45</date>
  <millis>1608135285092</millis>
  <sequence>341</sequence>
  <level>INFO</level>
  <class>com.kms.katalon.core.logging.XmlKeywordLogger</class>
  <method>logMessage</method>
  <thread>1</thread>
  <message>This Katalon Studio version has been deprecated. Please upgrade Katalon Studio to the latest version.</message>
  <nestedLevel>0</nestedLevel>
</record>
<record>
  <date>2020-12-17T00:14:45</date>
  <millis>1608135285253</millis>
  <sequence>768</sequence>
  <level>INFO</level>
  <class>com.kms.katalon.core.logging.XmlKeywordLogger</class>
  <method>logMessage</method>
  <thread>1</thread>
  <message>Start generating HTML report folder at: D:\\Archana\\Automation_Randstad\\Reports\\20201217_001326\\TS01_Compare Product Price\\20201217_001326...</message>
  <nestedLevel>0</nestedLevel>
</record>
<record>
  <date>2020-12-17T00:14:46</date>
  <millis>1608135286752</millis>
  <sequence>769</sequence>
  <level>INFO</level>
  <class>com.kms.katalon.core.logging.XmlKeywordLogger</class>
  <method>logMessage</method>
  <thread>1</thread>
  <message>HTML report generated</message>
  <nestedLevel>0</nestedLevel>
</record>
<record>
  <date>2020-12-17T00:14:46</date>
  <millis>1608135286753</millis>
  <sequence>770</sequence>
  <level>INFO</level>
  <class>com.kms.katalon.core.logging.XmlKeywordLogger</class>
  <method>logMessage</method>
  <thread>1</thread>
  <message>Start generating CSV report folder at: D:\\Archana\\Automation_Randstad\\Reports\\20201217_001326\\TS01_Compare Product Price\\20201217_001326...</message>
  <nestedLevel>0</nestedLevel>
</record>
<record>
  <date>2020-12-17T00:14:46</date>
  <millis>1608135286795</millis>
  <sequence>771</sequence>
  <level>INFO</level>
  <class>com.kms.katalon.core.logging.XmlKeywordLogger</class>
  <method>logMessage</method>
  <thread>1</thread>
  <message>CSV report generated</message>
  <nestedLevel>0</nestedLevel>
</record>
<record>
  <date>2020-12-17T00:14:46</date>
  <millis>1608135286796</millis>
  <sequence>772</sequence>
  <level>INFO</level>
  <class>com.kms.katalon.core.logging.XmlKeywordLogger</class>
  <method>logMessage</method>
  <thread>1</thread>
  <message>Start generating JUnit report folder at: D:\\Archana\\Automation_Randstad\\Reports\\20201217_001326\\TS01_Compare Product Price\\20201217_001326...</message>
  <nestedLevel>0</nestedLevel>
</record>
<record>
  <date>2020-12-17T00:14:47</date>
  <millis>1608135287005</millis>
  <sequence>773</sequence>
  <level>INFO</level>
  <class>com.kms.katalon.core.logging.XmlKeywordLogger</class>
  <method>logMessage</method>
  <thread>1</thread>
  <message>JUnit report generated</message>
  <nestedLevel>0</nestedLevel>
</record>
<record>
  <date>2020-12-17T00:14:47</date>
  <millis>1608135287007</millis>
  <sequence>774</sequence>
  <level>INFO</level>
  <class>com.kms.katalon.core.logging.XmlKeywordLogger</class>
  <method>logMessage</method>
  <thread>1</thread>
  <message>Start generating PDF report folder at: D:\\Archana\\Automation_Randstad\\Reports\\20201217_001326\\TS01_Compare Product Price\\20201217_001326...</message>
  <nestedLevel>0</nestedLevel>
</record>
<record>
  <date>2020-12-17T00:14:51</date>
  <millis>1608135291718</millis>
  <sequence>777</sequence>
  <level>WARNING</level>
  <class>com.kms.katalon.core.logging.XmlKeywordLogger</class>
  <method>logMessage</method>
  <thread>1</thread>
  <message>com.kms.katalon.core.pdf.exception.JasperReportException: Unable to export pdf to location: D:\\Archana\\Automation_Randstad\\Reports\\20201217_001326\\TS01_Compare Product Price\\20201217_001326\\20201217_001326.pdf\r\n\tat com.kms.katalon.core.pdf.AbstractPdfReportGenerator.exportToPDF(AbstractPdfReportGenerator.java:95)\r\n\tat com.kms.katalon.core.reporting.ReportWriterUtil.writePdfReport(ReportWriterUtil.java:153)\r\n\tat com.kms.katalon.core.reporting.ReportWriterUtil$writePdfReport$3.call(Unknown Source)\r\n\tat KatalonReportListener.exportKatalonReports(KatalonReportListener.groovy:54)\r\n\tat KatalonReportListener.invokeMethod(KatalonReportListener.groovy)\r\n\tat com.kms.katalon.core.context.internal.TestHooker.invokeMethod(TestHooker.java:111)\r\n\tat com.kms.katalon.core.context.internal.TestHooker.lambda$3(TestHooker.java:95)\r\n\tat com.kms.katalon.core.context.internal.TestHooker.invokeContextMethods(TestHooker.java:94)\r\n\tat com.kms.katalon.core.context.internal.TestListenerCollector.lambda$3(TestListenerCollector.java:88)\r\n\tat com.kms.katalon.core.context.internal.TestListenerCollector.handleListenerEvent(TestListenerCollector.java:85)\r\n\tat com.kms.katalon.core.context.internal.ExecutionEventManager.publicEvent(ExecutionEventManager.java:36)\r\n\tat com.kms.katalon.core.main.TestSuiteExecutor.execute(TestSuiteExecutor.java:99)\r\n\tat com.kms.katalon.core.main.TestCaseMain.startTestSuite(TestCaseMain.java:157)\r\n\tat com.kms.katalon.core.main.TestCaseMain$startTestSuite$0.call(Unknown Source)\r\n\tat TempTestSuite1608135217192.run(TempTestSuite1608135217192.groovy:36)\r\nCaused by: net.sf.jasperreports.engine.JRException: Image read failed.\r\n\tat net.sf.jasperreports.engine.util.JRJdk14ImageReader.readImage(JRJdk14ImageReader.java:72)\r\n\tat net.sf.jasperreports.engine.util.JRImageLoader.loadAwtImageFromBytes(JRImageLoader.java:166)\r\n\tat net.sf.jasperreports.engine.JRImageRenderer.getImage(JRImageRenderer.java:417)\r\n\tat net.sf.jasperreports.engine.JRImageRenderer.getOnErrorRendererForImage(JRImageRenderer.java:320)\r\n\tat net.sf.jasperreports.engine.export.JRPdfExporter.exportImage(JRPdfExporter.java:1626)\r\n\tat net.sf.jasperreports.engine.export.JRPdfExporter.exportElements(JRPdfExporter.java:1094)\r\n\tat net.sf.jasperreports.engine.export.JRPdfExporter.exportFrame(JRPdfExporter.java:3065)\r\n\tat net.sf.jasperreports.engine.export.JRPdfExporter.exportElements(JRPdfExporter.java:1102)\r\n\tat net.sf.jasperreports.engine.export.JRPdfExporter.exportFrame(JRPdfExporter.java:3065)\r\n\tat net.sf.jasperreports.engine.export.JRPdfExporter.exportElements(JRPdfExporter.java:1102)\r\n\tat net.sf.jasperreports.engine.export.JRPdfExporter.exportFrame(JRPdfExporter.java:3065)\r\n\tat net.sf.jasperreports.engine.export.JRPdfExporter.exportElements(JRPdfExporter.java:1102)\r\n\tat net.sf.jasperreports.engine.export.JRPdfExporter.exportPage(JRPdfExporter.java:1057)\r\n\tat net.sf.jasperreports.engine.export.JRPdfExporter.exportReportToStream(JRPdfExporter.java:921)\r\n\tat net.sf.jasperreports.engine.export.JRPdfExporter.exportReport(JRPdfExporter.java:538)\r\n\tat net.sf.jasperreports.engine.JasperExportManager.exportToPdfFile(JasperExportManager.java:156)\r\n\tat net.sf.jasperreports.engine.JasperExportManager.exportReportToPdfFile(JasperExportManager.java:504)\r\n\tat com.kms.katalon.core.pdf.AbstractPdfReportGenerator.exportToPDF(AbstractPdfReportGenerator.java:92)\r\n\t... 14 more\r\n</message>
  <nestedLevel>0</nestedLevel>
</record>
<record>
  <date>2020-12-17T00:14:51</date>
  <millis>1608135291720</millis>
  <sequence>779</sequence>
  <level>END</level>
  <class>com.kms.katalon.core.logging.XmlKeywordLogger</class>
  <method>endKeyword</method>
  <thread>1</thread>
  <message>End listener action : exportKatalonReports</message>
  <nestedLevel>0</nestedLevel>
</record>
<record>
  <date>2020-12-17T00:14:51</date>
  <millis>1608135291778</millis>
  <sequence>780</sequence>
  <level>END</level>
  <class>com.kms.katalon.core.logging.XmlKeywordLogger</class>
  <method>endSuite</method>
  <thread>1</thread>
  <message>End Test Suite : Test Suites/TS01_Compare Product Price</message>
  <nestedLevel>0</nestedLevel>
</record>
</log>